Error: Cannot find module 'node:events'
Require stack:
- /home/ubuntu/node_modules/express/lib/express.js
- /home/ubuntu/node_modules/express/index.js
- /home/ubuntu/server.js
    at Function.Module._resolveFilename (internal/modules/cjs/loader.js:815:15)
    at Module.Hook._require.Module.require (/usr/local/lib/node_modules/pm2/node_modules/require-in-the-middle/index.js:81:25)
    at require (internal/modules/cjs/helpers.js:85:18)
    at Object.<anonymous> (/home/ubuntu/node_modules/express/lib/express.js:16:20)
    at Module._compile (internal/modules/cjs/loader.js:999:30)
    at Object.Module._extensions..js (internal/modules/cjs/loader.js:1027:10)
    at Module.load (internal/modules/cjs/loader.js:863:32)
    at Function.Module._load (internal/modules/cjs/loader.js:708:14)
    at Module.require (internal/modules/cjs/loader.js:887:19)
    at Module.Hook._require.Module.require (/usr/local/lib/node_modules/pm2/node_modules/require-in-the-middle/index.js:101:39) {
  code: 'MODULE_NOT_FOUND',
  requireStack: [
    '/home/ubuntu/node_modules/express/lib/express.js',
    '/home/ubuntu/node_modules/express/index.js',
    '/home/ubuntu/server.js'
  ]
}
Error: Cannot find module 'node:events'
Require stack:
- /home/ubuntu/node_modules/express/lib/express.js
- /home/ubuntu/node_modules/express/index.js
- /home/ubuntu/server.js
    at Function.Module._resolveFilename (internal/modules/cjs/loader.js:815:15)
    at Module.Hook._require.Module.require (/usr/local/lib/node_modules/pm2/node_modules/require-in-the-middle/index.js:81:25)
    at require (internal/modules/cjs/helpers.js:85:18)
    at Object.<anonymous> (/home/ubuntu/node_modules/express/lib/express.js:16:20)
    at Module._compile (internal/modules/cjs/loader.js:999:30)
    at Object.Module._extensions..js (internal/modules/cjs/loader.js:1027:10)
    at Module.load (internal/modules/cjs/loader.js:863:32)
    at Function.Module._load (internal/modules/cjs/loader.js:708:14)
    at Module.require (internal/modules/cjs/loader.js:887:19)
    at Module.Hook._require.Module.require (/usr/local/lib/node_modules/pm2/node_modules/require-in-the-middle/index.js:101:39) {
  code: 'MODULE_NOT_FOUND',
  requireStack: [
    '/home/ubuntu/node_modules/express/lib/express.js',
    '/home/ubuntu/node_modules/express/index.js',
    '/home/ubuntu/server.js'
  ]
}
Error: Cannot find module 'node:events'
Require stack:
- /home/ubuntu/node_modules/express/lib/express.js
- /home/ubuntu/node_modules/express/index.js
- /home/ubuntu/server.js
    at Function.Module._resolveFilename (internal/modules/cjs/loader.js:815:15)
    at Module.Hook._require.Module.require (/usr/local/lib/node_modules/pm2/node_modules/require-in-the-middle/index.js:81:25)
    at require (internal/modules/cjs/helpers.js:85:18)
    at Object.<anonymous> (/home/ubuntu/node_modules/express/lib/express.js:16:20)
    at Module._compile (internal/modules/cjs/loader.js:999:30)
    at Object.Module._extensions..js (internal/modules/cjs/loader.js:1027:10)
    at Module.load (internal/modules/cjs/loader.js:863:32)
    at Function.Module._load (internal/modules/cjs/loader.js:708:14)
    at Module.require (internal/modules/cjs/loader.js:887:19)
    at Module.Hook._require.Module.require (/usr/local/lib/node_modules/pm2/node_modules/require-in-the-middle/index.js:101:39) {
  code: 'MODULE_NOT_FOUND',
  requireStack: [
    '/home/ubuntu/node_modules/express/lib/express.js',
    '/home/ubuntu/node_modules/express/index.js',
    '/home/ubuntu/server.js'
  ]
}
Error: Cannot find module 'node:events'
Require stack:
- /home/ubuntu/node_modules/express/lib/express.js
- /home/ubuntu/node_modules/express/index.js
- /home/ubuntu/server.js
    at Function.Module._resolveFilename (internal/modules/cjs/loader.js:815:15)
    at Module.Hook._require.Module.require (/usr/local/lib/node_modules/pm2/node_modules/require-in-the-middle/index.js:81:25)
    at require (internal/modules/cjs/helpers.js:85:18)
    at Object.<anonymous> (/home/ubuntu/node_modules/express/lib/express.js:16:20)
    at Module._compile (internal/modules/cjs/loader.js:999:30)
    at Object.Module._extensions..js (internal/modules/cjs/loader.js:1027:10)
    at Module.load (internal/modules/cjs/loader.js:863:32)
    at Function.Module._load (internal/modules/cjs/loader.js:708:14)
    at Module.require (internal/modules/cjs/loader.js:887:19)
    at Module.Hook._require.Module.require (/usr/local/lib/node_modules/pm2/node_modules/require-in-the-middle/index.js:101:39) {
  code: 'MODULE_NOT_FOUND',
  requireStack: [
    '/home/ubuntu/node_modules/express/lib/express.js',
    '/home/ubuntu/node_modules/express/index.js',
    '/home/ubuntu/server.js'
  ]
}
Error: Cannot find module 'node:events'
Require stack:
- /home/ubuntu/node_modules/express/lib/express.js
- /home/ubuntu/node_modules/express/index.js
- /home/ubuntu/server.js
    at Function.Module._resolveFilename (internal/modules/cjs/loader.js:815:15)
    at Module.Hook._require.Module.require (/usr/local/lib/node_modules/pm2/node_modules/require-in-the-middle/index.js:81:25)
    at require (internal/modules/cjs/helpers.js:85:18)
    at Object.<anonymous> (/home/ubuntu/node_modules/express/lib/express.js:16:20)
    at Module._compile (internal/modules/cjs/loader.js:999:30)
    at Object.Module._extensions..js (internal/modules/cjs/loader.js:1027:10)
    at Module.load (internal/modules/cjs/loader.js:863:32)
    at Function.Module._load (internal/modules/cjs/loader.js:708:14)
    at Module.require (internal/modules/cjs/loader.js:887:19)
    at Module.Hook._require.Module.require (/usr/local/lib/node_modules/pm2/node_modules/require-in-the-middle/index.js:101:39) {
  code: 'MODULE_NOT_FOUND',
  requireStack: [
    '/home/ubuntu/node_modules/express/lib/express.js',
    '/home/ubuntu/node_modules/express/index.js',
    '/home/ubuntu/server.js'
  ]
}
Error: Cannot find module 'node:events'
Require stack:
- /home/ubuntu/node_modules/express/lib/express.js
- /home/ubuntu/node_modules/express/index.js
- /home/ubuntu/server.js
    at Function.Module._resolveFilename (internal/modules/cjs/loader.js:815:15)
    at Module.Hook._require.Module.require (/usr/local/lib/node_modules/pm2/node_modules/require-in-the-middle/index.js:81:25)
    at require (internal/modules/cjs/helpers.js:85:18)
    at Object.<anonymous> (/home/ubuntu/node_modules/express/lib/express.js:16:20)
    at Module._compile (internal/modules/cjs/loader.js:999:30)
    at Object.Module._extensions..js (internal/modules/cjs/loader.js:1027:10)
    at Module.load (internal/modules/cjs/loader.js:863:32)
    at Function.Module._load (internal/modules/cjs/loader.js:708:14)
    at Module.require (internal/modules/cjs/loader.js:887:19)
    at Module.Hook._require.Module.require (/usr/local/lib/node_modules/pm2/node_modules/require-in-the-middle/index.js:101:39) {
  code: 'MODULE_NOT_FOUND',
  requireStack: [
    '/home/ubuntu/node_modules/express/lib/express.js',
    '/home/ubuntu/node_modules/express/index.js',
    '/home/ubuntu/server.js'
  ]
}
Error: Cannot find module 'node:events'
Require stack:
- /home/ubuntu/node_modules/express/lib/express.js
- /home/ubuntu/node_modules/express/index.js
- /home/ubuntu/server.js
    at Function.Module._resolveFilename (internal/modules/cjs/loader.js:815:15)
    at Module.Hook._require.Module.require (/usr/local/lib/node_modules/pm2/node_modules/require-in-the-middle/index.js:81:25)
    at require (internal/modules/cjs/helpers.js:85:18)
    at Object.<anonymous> (/home/ubuntu/node_modules/express/lib/express.js:16:20)
    at Module._compile (internal/modules/cjs/loader.js:999:30)
    at Object.Module._extensions..js (internal/modules/cjs/loader.js:1027:10)
    at Module.load (internal/modules/cjs/loader.js:863:32)
    at Function.Module._load (internal/modules/cjs/loader.js:708:14)
    at Module.require (internal/modules/cjs/loader.js:887:19)
    at Module.Hook._require.Module.require (/usr/local/lib/node_modules/pm2/node_modules/require-in-the-middle/index.js:101:39) {
  code: 'MODULE_NOT_FOUND',
  requireStack: [
    '/home/ubuntu/node_modules/express/lib/express.js',
    '/home/ubuntu/node_modules/express/index.js',
    '/home/ubuntu/server.js'
  ]
}
Error: Cannot find module 'node:events'
Require stack:
- /home/ubuntu/node_modules/express/lib/express.js
- /home/ubuntu/node_modules/express/index.js
- /home/ubuntu/server.js
    at Function.Module._resolveFilename (internal/modules/cjs/loader.js:815:15)
    at Module.Hook._require.Module.require (/usr/local/lib/node_modules/pm2/node_modules/require-in-the-middle/index.js:81:25)
    at require (internal/modules/cjs/helpers.js:85:18)
    at Object.<anonymous> (/home/ubuntu/node_modules/express/lib/express.js:16:20)
    at Module._compile (internal/modules/cjs/loader.js:999:30)
    at Object.Module._extensions..js (internal/modules/cjs/loader.js:1027:10)
    at Module.load (internal/modules/cjs/loader.js:863:32)
    at Function.Module._load (internal/modules/cjs/loader.js:708:14)
    at Module.require (internal/modules/cjs/loader.js:887:19)
    at Module.Hook._require.Module.require (/usr/local/lib/node_modules/pm2/node_modules/require-in-the-middle/index.js:101:39) {
  code: 'MODULE_NOT_FOUND',
  requireStack: [
    '/home/ubuntu/node_modules/express/lib/express.js',
    '/home/ubuntu/node_modules/express/index.js',
    '/home/ubuntu/server.js'
  ]
}
Error: Cannot find module 'node:events'
Require stack:
- /home/ubuntu/node_modules/express/lib/express.js
- /home/ubuntu/node_modules/express/index.js
- /home/ubuntu/server.js
    at Function.Module._resolveFilename (internal/modules/cjs/loader.js:815:15)
    at Module.Hook._require.Module.require (/usr/local/lib/node_modules/pm2/node_modules/require-in-the-middle/index.js:81:25)
    at require (internal/modules/cjs/helpers.js:85:18)
    at Object.<anonymous> (/home/ubuntu/node_modules/express/lib/express.js:16:20)
    at Module._compile (internal/modules/cjs/loader.js:999:30)
    at Object.Module._extensions..js (internal/modules/cjs/loader.js:1027:10)
    at Module.load (internal/modules/cjs/loader.js:863:32)
    at Function.Module._load (internal/modules/cjs/loader.js:708:14)
    at Module.require (internal/modules/cjs/loader.js:887:19)
    at Module.Hook._require.Module.require (/usr/local/lib/node_modules/pm2/node_modules/require-in-the-middle/index.js:101:39) {
  code: 'MODULE_NOT_FOUND',
  requireStack: [
    '/home/ubuntu/node_modules/express/lib/express.js',
    '/home/ubuntu/node_modules/express/index.js',
    '/home/ubuntu/server.js'
  ]
}
Error: Cannot find module 'node:events'
Require stack:
- /home/ubuntu/node_modules/express/lib/express.js
- /home/ubuntu/node_modules/express/index.js
- /home/ubuntu/server.js
    at Function.Module._resolveFilename (internal/modules/cjs/loader.js:815:15)
    at Module.Hook._require.Module.require (/usr/local/lib/node_modules/pm2/node_modules/require-in-the-middle/index.js:81:25)
    at require (internal/modules/cjs/helpers.js:85:18)
    at Object.<anonymous> (/home/ubuntu/node_modules/express/lib/express.js:16:20)
    at Module._compile (internal/modules/cjs/loader.js:999:30)
    at Object.Module._extensions..js (internal/modules/cjs/loader.js:1027:10)
    at Module.load (internal/modules/cjs/loader.js:863:32)
    at Function.Module._load (internal/modules/cjs/loader.js:708:14)
    at Module.require (internal/modules/cjs/loader.js:887:19)
    at Module.Hook._require.Module.require (/usr/local/lib/node_modules/pm2/node_modules/require-in-the-middle/index.js:101:39) {
  code: 'MODULE_NOT_FOUND',
  requireStack: [
    '/home/ubuntu/node_modules/express/lib/express.js',
    '/home/ubuntu/node_modules/express/index.js',
    '/home/ubuntu/server.js'
  ]
}
Error: Cannot find module 'node:events'
Require stack:
- /home/ubuntu/node_modules/express/lib/express.js
- /home/ubuntu/node_modules/express/index.js
- /home/ubuntu/server.js
    at Function.Module._resolveFilename (internal/modules/cjs/loader.js:815:15)
    at Module.Hook._require.Module.require (/usr/local/lib/node_modules/pm2/node_modules/require-in-the-middle/index.js:81:25)
    at require (internal/modules/cjs/helpers.js:85:18)
    at Object.<anonymous> (/home/ubuntu/node_modules/express/lib/express.js:16:20)
    at Module._compile (internal/modules/cjs/loader.js:999:30)
    at Object.Module._extensions..js (internal/modules/cjs/loader.js:1027:10)
    at Module.load (internal/modules/cjs/loader.js:863:32)
    at Function.Module._load (internal/modules/cjs/loader.js:708:14)
    at Module.require (internal/modules/cjs/loader.js:887:19)
    at Module.Hook._require.Module.require (/usr/local/lib/node_modules/pm2/node_modules/require-in-the-middle/index.js:101:39) {
  code: 'MODULE_NOT_FOUND',
  requireStack: [
    '/home/ubuntu/node_modules/express/lib/express.js',
    '/home/ubuntu/node_modules/express/index.js',
    '/home/ubuntu/server.js'
  ]
}
Error: Cannot find module 'node:events'
Require stack:
- /home/ubuntu/node_modules/express/lib/express.js
- /home/ubuntu/node_modules/express/index.js
- /home/ubuntu/server.js
    at Function.Module._resolveFilename (internal/modules/cjs/loader.js:815:15)
    at Module.Hook._require.Module.require (/usr/local/lib/node_modules/pm2/node_modules/require-in-the-middle/index.js:81:25)
    at require (internal/modules/cjs/helpers.js:85:18)
    at Object.<anonymous> (/home/ubuntu/node_modules/express/lib/express.js:16:20)
    at Module._compile (internal/modules/cjs/loader.js:999:30)
    at Object.Module._extensions..js (internal/modules/cjs/loader.js:1027:10)
    at Module.load (internal/modules/cjs/loader.js:863:32)
    at Function.Module._load (internal/modules/cjs/loader.js:708:14)
    at Module.require (internal/modules/cjs/loader.js:887:19)
    at Module.Hook._require.Module.require (/usr/local/lib/node_modules/pm2/node_modules/require-in-the-middle/index.js:101:39) {
  code: 'MODULE_NOT_FOUND',
  requireStack: [
    '/home/ubuntu/node_modules/express/lib/express.js',
    '/home/ubuntu/node_modules/express/index.js',
    '/home/ubuntu/server.js'
  ]
}
Error: Cannot find module 'node:events'
Require stack:
- /home/ubuntu/node_modules/express/lib/express.js
- /home/ubuntu/node_modules/express/index.js
- /home/ubuntu/server.js
    at Function.Module._resolveFilename (internal/modules/cjs/loader.js:815:15)
    at Module.Hook._require.Module.require (/usr/local/lib/node_modules/pm2/node_modules/require-in-the-middle/index.js:81:25)
    at require (internal/modules/cjs/helpers.js:85:18)
    at Object.<anonymous> (/home/ubuntu/node_modules/express/lib/express.js:16:20)
    at Module._compile (internal/modules/cjs/loader.js:999:30)
    at Object.Module._extensions..js (internal/modules/cjs/loader.js:1027:10)
    at Module.load (internal/modules/cjs/loader.js:863:32)
    at Function.Module._load (internal/modules/cjs/loader.js:708:14)
    at Module.require (internal/modules/cjs/loader.js:887:19)
    at Module.Hook._require.Module.require (/usr/local/lib/node_modules/pm2/node_modules/require-in-the-middle/index.js:101:39) {
  code: 'MODULE_NOT_FOUND',
  requireStack: [
    '/home/ubuntu/node_modules/express/lib/express.js',
    '/home/ubuntu/node_modules/express/index.js',
    '/home/ubuntu/server.js'
  ]
}
Error: Cannot find module 'node:events'
Require stack:
- /home/ubuntu/node_modules/express/lib/express.js
- /home/ubuntu/node_modules/express/index.js
- /home/ubuntu/server.js
    at Function.Module._resolveFilename (internal/modules/cjs/loader.js:815:15)
    at Module.Hook._require.Module.require (/usr/local/lib/node_modules/pm2/node_modules/require-in-the-middle/index.js:81:25)
    at require (internal/modules/cjs/helpers.js:85:18)
    at Object.<anonymous> (/home/ubuntu/node_modules/express/lib/express.js:16:20)
    at Module._compile (internal/modules/cjs/loader.js:999:30)
    at Object.Module._extensions..js (internal/modules/cjs/loader.js:1027:10)
    at Module.load (internal/modules/cjs/loader.js:863:32)
    at Function.Module._load (internal/modules/cjs/loader.js:708:14)
    at Module.require (internal/modules/cjs/loader.js:887:19)
    at Module.Hook._require.Module.require (/usr/local/lib/node_modules/pm2/node_modules/require-in-the-middle/index.js:101:39) {
  code: 'MODULE_NOT_FOUND',
  requireStack: [
    '/home/ubuntu/node_modules/express/lib/express.js',
    '/home/ubuntu/node_modules/express/index.js',
    '/home/ubuntu/server.js'
  ]
}
Error: Cannot find module 'node:events'
Require stack:
- /home/ubuntu/node_modules/express/lib/express.js
- /home/ubuntu/node_modules/express/index.js
- /home/ubuntu/server.js
    at Function.Module._resolveFilename (internal/modules/cjs/loader.js:815:15)
    at Module.Hook._require.Module.require (/usr/local/lib/node_modules/pm2/node_modules/require-in-the-middle/index.js:81:25)
    at require (internal/modules/cjs/helpers.js:85:18)
    at Object.<anonymous> (/home/ubuntu/node_modules/express/lib/express.js:16:20)
    at Module._compile (internal/modules/cjs/loader.js:999:30)
    at Object.Module._extensions..js (internal/modules/cjs/loader.js:1027:10)
    at Module.load (internal/modules/cjs/loader.js:863:32)
    at Function.Module._load (internal/modules/cjs/loader.js:708:14)
    at Module.require (internal/modules/cjs/loader.js:887:19)
    at Module.Hook._require.Module.require (/usr/local/lib/node_modules/pm2/node_modules/require-in-the-middle/index.js:101:39) {
  code: 'MODULE_NOT_FOUND',
  requireStack: [
    '/home/ubuntu/node_modules/express/lib/express.js',
    '/home/ubuntu/node_modules/express/index.js',
    '/home/ubuntu/server.js'
  ]
}
Error: Cannot find module 'node:events'
Require stack:
- /home/ubuntu/node_modules/express/lib/express.js
- /home/ubuntu/node_modules/express/index.js
- /home/ubuntu/server.js
    at Function.Module._resolveFilename (internal/modules/cjs/loader.js:815:15)
    at Module.Hook._require.Module.require (/usr/local/lib/node_modules/pm2/node_modules/require-in-the-middle/index.js:81:25)
    at require (internal/modules/cjs/helpers.js:85:18)
    at Object.<anonymous> (/home/ubuntu/node_modules/express/lib/express.js:16:20)
    at Module._compile (internal/modules/cjs/loader.js:999:30)
    at Object.Module._extensions..js (internal/modules/cjs/loader.js:1027:10)
    at Module.load (internal/modules/cjs/loader.js:863:32)
    at Function.Module._load (internal/modules/cjs/loader.js:708:14)
    at Module.require (internal/modules/cjs/loader.js:887:19)
    at Module.Hook._require.Module.require (/usr/local/lib/node_modules/pm2/node_modules/require-in-the-middle/index.js:101:39) {
  code: 'MODULE_NOT_FOUND',
  requireStack: [
    '/home/ubuntu/node_modules/express/lib/express.js',
    '/home/ubuntu/node_modules/express/index.js',
    '/home/ubuntu/server.js'
  ]
}
Error: Cannot find module 'node:events'
Require stack:
- /home/ubuntu/node_modules/express/lib/express.js
- /home/ubuntu/node_modules/express/index.js
- /home/ubuntu/server.js
    at Function.Module._resolveFilename (internal/modules/cjs/loader.js:815:15)
    at Module.Hook._require.Module.require (/usr/local/lib/node_modules/pm2/node_modules/require-in-the-middle/index.js:81:25)
    at require (internal/modules/cjs/helpers.js:85:18)
    at Object.<anonymous> (/home/ubuntu/node_modules/express/lib/express.js:16:20)
    at Module._compile (internal/modules/cjs/loader.js:999:30)
    at Object.Module._extensions..js (internal/modules/cjs/loader.js:1027:10)
    at Module.load (internal/modules/cjs/loader.js:863:32)
    at Function.Module._load (internal/modules/cjs/loader.js:708:14)
    at Module.require (internal/modules/cjs/loader.js:887:19)
    at Module.Hook._require.Module.require (/usr/local/lib/node_modules/pm2/node_modules/require-in-the-middle/index.js:101:39) {
  code: 'MODULE_NOT_FOUND',
  requireStack: [
    '/home/ubuntu/node_modules/express/lib/express.js',
    '/home/ubuntu/node_modules/express/index.js',
    '/home/ubuntu/server.js'
  ]
}
Error: Cannot find module 'node:events'
Require stack:
- /home/ubuntu/node_modules/express/lib/express.js
- /home/ubuntu/node_modules/express/index.js
- /home/ubuntu/server.js
    at Function.Module._resolveFilename (internal/modules/cjs/loader.js:815:15)
    at Module.Hook._require.Module.require (/usr/local/lib/node_modules/pm2/node_modules/require-in-the-middle/index.js:81:25)
    at require (internal/modules/cjs/helpers.js:85:18)
    at Object.<anonymous> (/home/ubuntu/node_modules/express/lib/express.js:16:20)
    at Module._compile (internal/modules/cjs/loader.js:999:30)
    at Object.Module._extensions..js (internal/modules/cjs/loader.js:1027:10)
    at Module.load (internal/modules/cjs/loader.js:863:32)
    at Function.Module._load (internal/modules/cjs/loader.js:708:14)
    at Module.require (internal/modules/cjs/loader.js:887:19)
    at Module.Hook._require.Module.require (/usr/local/lib/node_modules/pm2/node_modules/require-in-the-middle/index.js:101:39) {
  code: 'MODULE_NOT_FOUND',
  requireStack: [
    '/home/ubuntu/node_modules/express/lib/express.js',
    '/home/ubuntu/node_modules/express/index.js',
    '/home/ubuntu/server.js'
  ]
}
Error: Cannot find module 'node:events'
Require stack:
- /home/ubuntu/node_modules/express/lib/express.js
- /home/ubuntu/node_modules/express/index.js
- /home/ubuntu/server.js
    at Function.Module._resolveFilename (internal/modules/cjs/loader.js:815:15)
    at Module.Hook._require.Module.require (/usr/local/lib/node_modules/pm2/node_modules/require-in-the-middle/index.js:81:25)
    at require (internal/modules/cjs/helpers.js:85:18)
    at Object.<anonymous> (/home/ubuntu/node_modules/express/lib/express.js:16:20)
    at Module._compile (internal/modules/cjs/loader.js:999:30)
    at Object.Module._extensions..js (internal/modules/cjs/loader.js:1027:10)
    at Module.load (internal/modules/cjs/loader.js:863:32)
    at Function.Module._load (internal/modules/cjs/loader.js:708:14)
    at Module.require (internal/modules/cjs/loader.js:887:19)
    at Module.Hook._require.Module.require (/usr/local/lib/node_modules/pm2/node_modules/require-in-the-middle/index.js:101:39) {
  code: 'MODULE_NOT_FOUND',
  requireStack: [
    '/home/ubuntu/node_modules/express/lib/express.js',
    '/home/ubuntu/node_modules/express/index.js',
    '/home/ubuntu/server.js'
  ]
}
Error: Cannot find module 'node:events'
Require stack:
- /home/ubuntu/node_modules/express/lib/express.js
- /home/ubuntu/node_modules/express/index.js
- /home/ubuntu/server.js
    at Function.Module._resolveFilename (internal/modules/cjs/loader.js:815:15)
    at Module.Hook._require.Module.require (/usr/local/lib/node_modules/pm2/node_modules/require-in-the-middle/index.js:81:25)
    at require (internal/modules/cjs/helpers.js:85:18)
    at Object.<anonymous> (/home/ubuntu/node_modules/express/lib/express.js:16:20)
    at Module._compile (internal/modules/cjs/loader.js:999:30)
    at Object.Module._extensions..js (internal/modules/cjs/loader.js:1027:10)
    at Module.load (internal/modules/cjs/loader.js:863:32)
    at Function.Module._load (internal/modules/cjs/loader.js:708:14)
    at Module.require (internal/modules/cjs/loader.js:887:19)
    at Module.Hook._require.Module.require (/usr/local/lib/node_modules/pm2/node_modules/require-in-the-middle/index.js:101:39) {
  code: 'MODULE_NOT_FOUND',
  requireStack: [
    '/home/ubuntu/node_modules/express/lib/express.js',
    '/home/ubuntu/node_modules/express/index.js',
    '/home/ubuntu/server.js'
  ]
}
Error: Cannot find module 'node:events'
Require stack:
- /home/ubuntu/node_modules/express/lib/express.js
- /home/ubuntu/node_modules/express/index.js
- /home/ubuntu/server.js
    at Function.Module._resolveFilename (internal/modules/cjs/loader.js:815:15)
    at Module.Hook._require.Module.require (/usr/local/lib/node_modules/pm2/node_modules/require-in-the-middle/index.js:81:25)
    at require (internal/modules/cjs/helpers.js:85:18)
    at Object.<anonymous> (/home/ubuntu/node_modules/express/lib/express.js:16:20)
    at Module._compile (internal/modules/cjs/loader.js:999:30)
    at Object.Module._extensions..js (internal/modules/cjs/loader.js:1027:10)
    at Module.load (internal/modules/cjs/loader.js:863:32)
    at Function.Module._load (internal/modules/cjs/loader.js:708:14)
    at Module.require (internal/modules/cjs/loader.js:887:19)
    at Module.Hook._require.Module.require (/usr/local/lib/node_modules/pm2/node_modules/require-in-the-middle/index.js:101:39) {
  code: 'MODULE_NOT_FOUND',
  requireStack: [
    '/home/ubuntu/node_modules/express/lib/express.js',
    '/home/ubuntu/node_modules/express/index.js',
    '/home/ubuntu/server.js'
  ]
}
Error: Cannot find module 'node:events'
Require stack:
- /home/ubuntu/node_modules/express/lib/express.js
- /home/ubuntu/node_modules/express/index.js
- /home/ubuntu/server.js
    at Function.Module._resolveFilename (internal/modules/cjs/loader.js:815:15)
    at Module.Hook._require.Module.require (/usr/local/lib/node_modules/pm2/node_modules/require-in-the-middle/index.js:81:25)
    at require (internal/modules/cjs/helpers.js:85:18)
    at Object.<anonymous> (/home/ubuntu/node_modules/express/lib/express.js:16:20)
    at Module._compile (internal/modules/cjs/loader.js:999:30)
    at Object.Module._extensions..js (internal/modules/cjs/loader.js:1027:10)
    at Module.load (internal/modules/cjs/loader.js:863:32)
    at Function.Module._load (internal/modules/cjs/loader.js:708:14)
    at Module.require (internal/modules/cjs/loader.js:887:19)
    at Module.Hook._require.Module.require (/usr/local/lib/node_modules/pm2/node_modules/require-in-the-middle/index.js:101:39) {
  code: 'MODULE_NOT_FOUND',
  requireStack: [
    '/home/ubuntu/node_modules/express/lib/express.js',
    '/home/ubuntu/node_modules/express/index.js',
    '/home/ubuntu/server.js'
  ]
}
Error: Cannot find module 'node:events'
Require stack:
- /home/ubuntu/node_modules/express/lib/express.js
- /home/ubuntu/node_modules/express/index.js
- /home/ubuntu/server.js
    at Function.Module._resolveFilename (internal/modules/cjs/loader.js:815:15)
    at Module.Hook._require.Module.require (/usr/local/lib/node_modules/pm2/node_modules/require-in-the-middle/index.js:81:25)
    at require (internal/modules/cjs/helpers.js:85:18)
    at Object.<anonymous> (/home/ubuntu/node_modules/express/lib/express.js:16:20)
    at Module._compile (internal/modules/cjs/loader.js:999:30)
    at Object.Module._extensions..js (internal/modules/cjs/loader.js:1027:10)
    at Module.load (internal/modules/cjs/loader.js:863:32)
    at Function.Module._load (internal/modules/cjs/loader.js:708:14)
    at Module.require (internal/modules/cjs/loader.js:887:19)
    at Module.Hook._require.Module.require (/usr/local/lib/node_modules/pm2/node_modules/require-in-the-middle/index.js:101:39) {
  code: 'MODULE_NOT_FOUND',
  requireStack: [
    '/home/ubuntu/node_modules/express/lib/express.js',
    '/home/ubuntu/node_modules/express/index.js',
    '/home/ubuntu/server.js'
  ]
}
Error: Cannot find module 'node:events'
Require stack:
- /home/ubuntu/node_modules/express/lib/express.js
- /home/ubuntu/node_modules/express/index.js
- /home/ubuntu/server.js
    at Function.Module._resolveFilename (internal/modules/cjs/loader.js:815:15)
    at Module.Hook._require.Module.require (/usr/local/lib/node_modules/pm2/node_modules/require-in-the-middle/index.js:81:25)
    at require (internal/modules/cjs/helpers.js:85:18)
    at Object.<anonymous> (/home/ubuntu/node_modules/express/lib/express.js:16:20)
    at Module._compile (internal/modules/cjs/loader.js:999:30)
    at Object.Module._extensions..js (internal/modules/cjs/loader.js:1027:10)
    at Module.load (internal/modules/cjs/loader.js:863:32)
    at Function.Module._load (internal/modules/cjs/loader.js:708:14)
    at Module.require (internal/modules/cjs/loader.js:887:19)
    at Module.Hook._require.Module.require (/usr/local/lib/node_modules/pm2/node_modules/require-in-the-middle/index.js:101:39) {
  code: 'MODULE_NOT_FOUND',
  requireStack: [
    '/home/ubuntu/node_modules/express/lib/express.js',
    '/home/ubuntu/node_modules/express/index.js',
    '/home/ubuntu/server.js'
  ]
}
Error: Cannot find module 'node:events'
Require stack:
- /home/ubuntu/node_modules/express/lib/express.js
- /home/ubuntu/node_modules/express/index.js
- /home/ubuntu/server.js
    at Function.Module._resolveFilename (internal/modules/cjs/loader.js:815:15)
    at Module.Hook._require.Module.require (/usr/local/lib/node_modules/pm2/node_modules/require-in-the-middle/index.js:81:25)
    at require (internal/modules/cjs/helpers.js:85:18)
    at Object.<anonymous> (/home/ubuntu/node_modules/express/lib/express.js:16:20)
    at Module._compile (internal/modules/cjs/loader.js:999:30)
    at Object.Module._extensions..js (internal/modules/cjs/loader.js:1027:10)
    at Module.load (internal/modules/cjs/loader.js:863:32)
    at Function.Module._load (internal/modules/cjs/loader.js:708:14)
    at Module.require (internal/modules/cjs/loader.js:887:19)
    at Module.Hook._require.Module.require (/usr/local/lib/node_modules/pm2/node_modules/require-in-the-middle/index.js:101:39) {
  code: 'MODULE_NOT_FOUND',
  requireStack: [
    '/home/ubuntu/node_modules/express/lib/express.js',
    '/home/ubuntu/node_modules/express/index.js',
    '/home/ubuntu/server.js'
  ]
}
Error: Cannot find module 'node:events'
Require stack:
- /home/ubuntu/node_modules/express/lib/express.js
- /home/ubuntu/node_modules/express/index.js
- /home/ubuntu/server.js
    at Function.Module._resolveFilename (internal/modules/cjs/loader.js:815:15)
    at Module.Hook._require.Module.require (/usr/local/lib/node_modules/pm2/node_modules/require-in-the-middle/index.js:81:25)
    at require (internal/modules/cjs/helpers.js:85:18)
    at Object.<anonymous> (/home/ubuntu/node_modules/express/lib/express.js:16:20)
    at Module._compile (internal/modules/cjs/loader.js:999:30)
    at Object.Module._extensions..js (internal/modules/cjs/loader.js:1027:10)
    at Module.load (internal/modules/cjs/loader.js:863:32)
    at Function.Module._load (internal/modules/cjs/loader.js:708:14)
    at Module.require (internal/modules/cjs/loader.js:887:19)
    at Module.Hook._require.Module.require (/usr/local/lib/node_modules/pm2/node_modules/require-in-the-middle/index.js:101:39) {
  code: 'MODULE_NOT_FOUND',
  requireStack: [
    '/home/ubuntu/node_modules/express/lib/express.js',
    '/home/ubuntu/node_modules/express/index.js',
    '/home/ubuntu/server.js'
  ]
}
Error: Cannot find module 'node:events'
Require stack:
- /home/ubuntu/node_modules/express/lib/express.js
- /home/ubuntu/node_modules/express/index.js
- /home/ubuntu/server.js
    at Function.Module._resolveFilename (internal/modules/cjs/loader.js:815:15)
    at Module.Hook._require.Module.require (/usr/local/lib/node_modules/pm2/node_modules/require-in-the-middle/index.js:81:25)
    at require (internal/modules/cjs/helpers.js:85:18)
    at Object.<anonymous> (/home/ubuntu/node_modules/express/lib/express.js:16:20)
    at Module._compile (internal/modules/cjs/loader.js:999:30)
    at Object.Module._extensions..js (internal/modules/cjs/loader.js:1027:10)
    at Module.load (internal/modules/cjs/loader.js:863:32)
    at Function.Module._load (internal/modules/cjs/loader.js:708:14)
    at Module.require (internal/modules/cjs/loader.js:887:19)
    at Module.Hook._require.Module.require (/usr/local/lib/node_modules/pm2/node_modules/require-in-the-middle/index.js:101:39) {
  code: 'MODULE_NOT_FOUND',
  requireStack: [
    '/home/ubuntu/node_modules/express/lib/express.js',
    '/home/ubuntu/node_modules/express/index.js',
    '/home/ubuntu/server.js'
  ]
}
Error: Cannot find module 'node:events'
Require stack:
- /home/ubuntu/node_modules/express/lib/express.js
- /home/ubuntu/node_modules/express/index.js
- /home/ubuntu/server.js
    at Function.Module._resolveFilename (internal/modules/cjs/loader.js:815:15)
    at Module.Hook._require.Module.require (/usr/local/lib/node_modules/pm2/node_modules/require-in-the-middle/index.js:81:25)
    at require (internal/modules/cjs/helpers.js:85:18)
    at Object.<anonymous> (/home/ubuntu/node_modules/express/lib/express.js:16:20)
    at Module._compile (internal/modules/cjs/loader.js:999:30)
    at Object.Module._extensions..js (internal/modules/cjs/loader.js:1027:10)
    at Module.load (internal/modules/cjs/loader.js:863:32)
    at Function.Module._load (internal/modules/cjs/loader.js:708:14)
    at Module.require (internal/modules/cjs/loader.js:887:19)
    at Module.Hook._require.Module.require (/usr/local/lib/node_modules/pm2/node_modules/require-in-the-middle/index.js:101:39) {
  code: 'MODULE_NOT_FOUND',
  requireStack: [
    '/home/ubuntu/node_modules/express/lib/express.js',
    '/home/ubuntu/node_modules/express/index.js',
    '/home/ubuntu/server.js'
  ]
}
Error: Cannot find module 'node:events'
Require stack:
- /home/ubuntu/node_modules/express/lib/express.js
- /home/ubuntu/node_modules/express/index.js
- /home/ubuntu/server.js
    at Function.Module._resolveFilename (internal/modules/cjs/loader.js:815:15)
    at Module.Hook._require.Module.require (/usr/local/lib/node_modules/pm2/node_modules/require-in-the-middle/index.js:81:25)
    at require (internal/modules/cjs/helpers.js:85:18)
    at Object.<anonymous> (/home/ubuntu/node_modules/express/lib/express.js:16:20)
    at Module._compile (internal/modules/cjs/loader.js:999:30)
    at Object.Module._extensions..js (internal/modules/cjs/loader.js:1027:10)
    at Module.load (internal/modules/cjs/loader.js:863:32)
    at Function.Module._load (internal/modules/cjs/loader.js:708:14)
    at Module.require (internal/modules/cjs/loader.js:887:19)
    at Module.Hook._require.Module.require (/usr/local/lib/node_modules/pm2/node_modules/require-in-the-middle/index.js:101:39) {
  code: 'MODULE_NOT_FOUND',
  requireStack: [
    '/home/ubuntu/node_modules/express/lib/express.js',
    '/home/ubuntu/node_modules/express/index.js',
    '/home/ubuntu/server.js'
  ]
}
Error: Cannot find module 'node:events'
Require stack:
- /home/ubuntu/node_modules/express/lib/express.js
- /home/ubuntu/node_modules/express/index.js
- /home/ubuntu/server.js
    at Function.Module._resolveFilename (internal/modules/cjs/loader.js:815:15)
    at Module.Hook._require.Module.require (/usr/local/lib/node_modules/pm2/node_modules/require-in-the-middle/index.js:81:25)
    at require (internal/modules/cjs/helpers.js:85:18)
    at Object.<anonymous> (/home/ubuntu/node_modules/express/lib/express.js:16:20)
    at Module._compile (internal/modules/cjs/loader.js:999:30)
    at Object.Module._extensions..js (internal/modules/cjs/loader.js:1027:10)
    at Module.load (internal/modules/cjs/loader.js:863:32)
    at Function.Module._load (internal/modules/cjs/loader.js:708:14)
    at Module.require (internal/modules/cjs/loader.js:887:19)
    at Module.Hook._require.Module.require (/usr/local/lib/node_modules/pm2/node_modules/require-in-the-middle/index.js:101:39) {
  code: 'MODULE_NOT_FOUND',
  requireStack: [
    '/home/ubuntu/node_modules/express/lib/express.js',
    '/home/ubuntu/node_modules/express/index.js',
    '/home/ubuntu/server.js'
  ]
}
Error: Cannot find module 'node:events'
Require stack:
- /home/ubuntu/node_modules/express/lib/express.js
- /home/ubuntu/node_modules/express/index.js
- /home/ubuntu/server.js
    at Function.Module._resolveFilename (internal/modules/cjs/loader.js:815:15)
    at Module.Hook._require.Module.require (/usr/local/lib/node_modules/pm2/node_modules/require-in-the-middle/index.js:81:25)
    at require (internal/modules/cjs/helpers.js:85:18)
    at Object.<anonymous> (/home/ubuntu/node_modules/express/lib/express.js:16:20)
    at Module._compile (internal/modules/cjs/loader.js:999:30)
    at Object.Module._extensions..js (internal/modules/cjs/loader.js:1027:10)
    at Module.load (internal/modules/cjs/loader.js:863:32)
    at Function.Module._load (internal/modules/cjs/loader.js:708:14)
    at Module.require (internal/modules/cjs/loader.js:887:19)
    at Module.Hook._require.Module.require (/usr/local/lib/node_modules/pm2/node_modules/require-in-the-middle/index.js:101:39) {
  code: 'MODULE_NOT_FOUND',
  requireStack: [
    '/home/ubuntu/node_modules/express/lib/express.js',
    '/home/ubuntu/node_modules/express/index.js',
    '/home/ubuntu/server.js'
  ]
}
Error: Cannot find module 'node:events'
Require stack:
- /home/ubuntu/node_modules/express/lib/express.js
- /home/ubuntu/node_modules/express/index.js
- /home/ubuntu/server.js
    at Function.Module._resolveFilename (internal/modules/cjs/loader.js:815:15)
    at Module.Hook._require.Module.require (/usr/local/lib/node_modules/pm2/node_modules/require-in-the-middle/index.js:81:25)
    at require (internal/modules/cjs/helpers.js:85:18)
    at Object.<anonymous> (/home/ubuntu/node_modules/express/lib/express.js:16:20)
    at Module._compile (internal/modules/cjs/loader.js:999:30)
    at Object.Module._extensions..js (internal/modules/cjs/loader.js:1027:10)
    at Module.load (internal/modules/cjs/loader.js:863:32)
    at Function.Module._load (internal/modules/cjs/loader.js:708:14)
    at Module.require (internal/modules/cjs/loader.js:887:19)
    at Module.Hook._require.Module.require (/usr/local/lib/node_modules/pm2/node_modules/require-in-the-middle/index.js:101:39) {
  code: 'MODULE_NOT_FOUND',
  requireStack: [
    '/home/ubuntu/node_modules/express/lib/express.js',
    '/home/ubuntu/node_modules/express/index.js',
    '/home/ubuntu/server.js'
  ]
}
Error: Cannot find module 'node:events'
Require stack:
- /home/ubuntu/node_modules/express/lib/express.js
- /home/ubuntu/node_modules/express/index.js
- /home/ubuntu/server.js
    at Function.Module._resolveFilename (internal/modules/cjs/loader.js:815:15)
    at Module.Hook._require.Module.require (/usr/local/lib/node_modules/pm2/node_modules/require-in-the-middle/index.js:81:25)
    at require (internal/modules/cjs/helpers.js:85:18)
    at Object.<anonymous> (/home/ubuntu/node_modules/express/lib/express.js:16:20)
    at Module._compile (internal/modules/cjs/loader.js:999:30)
    at Object.Module._extensions..js (internal/modules/cjs/loader.js:1027:10)
    at Module.load (internal/modules/cjs/loader.js:863:32)
    at Function.Module._load (internal/modules/cjs/loader.js:708:14)
    at Module.require (internal/modules/cjs/loader.js:887:19)
    at Module.Hook._require.Module.require (/usr/local/lib/node_modules/pm2/node_modules/require-in-the-middle/index.js:101:39) {
  code: 'MODULE_NOT_FOUND',
  requireStack: [
    '/home/ubuntu/node_modules/express/lib/express.js',
    '/home/ubuntu/node_modules/express/index.js',
    '/home/ubuntu/server.js'
  ]
}
Error: Cannot find module 'node:events'
Require stack:
- /home/ubuntu/node_modules/express/lib/express.js
- /home/ubuntu/node_modules/express/index.js
- /home/ubuntu/server.js
    at Function.Module._resolveFilename (internal/modules/cjs/loader.js:815:15)
    at Module.Hook._require.Module.require (/usr/local/lib/node_modules/pm2/node_modules/require-in-the-middle/index.js:81:25)
    at require (internal/modules/cjs/helpers.js:85:18)
    at Object.<anonymous> (/home/ubuntu/node_modules/express/lib/express.js:16:20)
    at Module._compile (internal/modules/cjs/loader.js:999:30)
    at Object.Module._extensions..js (internal/modules/cjs/loader.js:1027:10)
    at Module.load (internal/modules/cjs/loader.js:863:32)
    at Function.Module._load (internal/modules/cjs/loader.js:708:14)
    at Module.require (internal/modules/cjs/loader.js:887:19)
    at Module.Hook._require.Module.require (/usr/local/lib/node_modules/pm2/node_modules/require-in-the-middle/index.js:101:39) {
  code: 'MODULE_NOT_FOUND',
  requireStack: [
    '/home/ubuntu/node_modules/express/lib/express.js',
    '/home/ubuntu/node_modules/express/index.js',
    '/home/ubuntu/server.js'
  ]
}
Error: Cannot find module 'node:events'
Require stack:
- /home/ubuntu/node_modules/express/lib/express.js
- /home/ubuntu/node_modules/express/index.js
- /home/ubuntu/server.js
    at Function.Module._resolveFilename (internal/modules/cjs/loader.js:815:15)
    at Module.Hook._require.Module.require (/usr/local/lib/node_modules/pm2/node_modules/require-in-the-middle/index.js:81:25)
    at require (internal/modules/cjs/helpers.js:85:18)
    at Object.<anonymous> (/home/ubuntu/node_modules/express/lib/express.js:16:20)
    at Module._compile (internal/modules/cjs/loader.js:999:30)
    at Object.Module._extensions..js (internal/modules/cjs/loader.js:1027:10)
    at Module.load (internal/modules/cjs/loader.js:863:32)
    at Function.Module._load (internal/modules/cjs/loader.js:708:14)
    at Module.require (internal/modules/cjs/loader.js:887:19)
    at Module.Hook._require.Module.require (/usr/local/lib/node_modules/pm2/node_modules/require-in-the-middle/index.js:101:39) {
  code: 'MODULE_NOT_FOUND',
  requireStack: [
    '/home/ubuntu/node_modules/express/lib/express.js',
    '/home/ubuntu/node_modules/express/index.js',
    '/home/ubuntu/server.js'
  ]
}
Error: Access denied for user 'root'@'localhost'
    at Query.onResult (/home/ubuntu/node_modules/mysql2/lib/promise/make_done_cb.js:6:24)
    at /home/ubuntu/node_modules/mysql2/lib/base/pool.js:225:20
    at /home/ubuntu/node_modules/mysql2/lib/base/pool.js:83:20
    at PoolConnection.onError (/home/ubuntu/node_modules/mysql2/lib/base/connection.js:1003:7)
    at Object.onceWrapper (node:events:639:26)
    at PoolConnection.emit (node:events:536:35)
    at PoolConnection._notifyError (/home/ubuntu/node_modules/mysql2/lib/base/connection.js:291:12)
    at ClientHandshake.<anonymous> (/home/ubuntu/node_modules/mysql2/lib/base/connection.js:150:14)
    at ClientHandshake.emit (node:events:536:35)
    at ClientHandshake.execute (/home/ubuntu/node_modules/mysql2/lib/commands/command.js:39:14)
Error: Access denied for user 'root'@'localhost'
    at Query.onResult (/home/ubuntu/node_modules/mysql2/lib/promise/make_done_cb.js:6:24)
    at /home/ubuntu/node_modules/mysql2/lib/base/pool.js:225:20
    at /home/ubuntu/node_modules/mysql2/lib/base/pool.js:83:20
    at PoolConnection.onError (/home/ubuntu/node_modules/mysql2/lib/base/connection.js:1003:7)
    at Object.onceWrapper (node:events:639:26)
    at PoolConnection.emit (node:events:536:35)
    at PoolConnection._notifyError (/home/ubuntu/node_modules/mysql2/lib/base/connection.js:291:12)
    at ClientHandshake.<anonymous> (/home/ubuntu/node_modules/mysql2/lib/base/connection.js:150:14)
    at ClientHandshake.emit (node:events:536:35)
    at ClientHandshake.execute (/home/ubuntu/node_modules/mysql2/lib/commands/command.js:39:14)
Error: Access denied for user 'root'@'localhost'
    at Query.onResult (/home/ubuntu/node_modules/mysql2/lib/promise/make_done_cb.js:6:24)
    at /home/ubuntu/node_modules/mysql2/lib/base/pool.js:225:20
    at /home/ubuntu/node_modules/mysql2/lib/base/pool.js:83:20
    at PoolConnection.onError (/home/ubuntu/node_modules/mysql2/lib/base/connection.js:1003:7)
    at Object.onceWrapper (node:events:639:26)
    at PoolConnection.emit (node:events:536:35)
    at PoolConnection._notifyError (/home/ubuntu/node_modules/mysql2/lib/base/connection.js:291:12)
    at ClientHandshake.<anonymous> (/home/ubuntu/node_modules/mysql2/lib/base/connection.js:150:14)
    at ClientHandshake.emit (node:events:536:35)
    at ClientHandshake.execute (/home/ubuntu/node_modules/mysql2/lib/commands/command.js:39:14)
Error: Access denied for user 'root'@'localhost'
    at Query.onResult (/home/ubuntu/node_modules/mysql2/lib/promise/make_done_cb.js:6:24)
    at /home/ubuntu/node_modules/mysql2/lib/base/pool.js:225:20
    at /home/ubuntu/node_modules/mysql2/lib/base/pool.js:83:20
    at PoolConnection.onError (/home/ubuntu/node_modules/mysql2/lib/base/connection.js:1003:7)
    at Object.onceWrapper (node:events:639:26)
    at PoolConnection.emit (node:events:536:35)
    at PoolConnection._notifyError (/home/ubuntu/node_modules/mysql2/lib/base/connection.js:291:12)
    at ClientHandshake.<anonymous> (/home/ubuntu/node_modules/mysql2/lib/base/connection.js:150:14)
    at ClientHandshake.emit (node:events:536:35)
    at ClientHandshake.execute (/home/ubuntu/node_modules/mysql2/lib/commands/command.js:39:14)
Error: Access denied for user 'root'@'localhost'
    at Query.onResult (/home/ubuntu/node_modules/mysql2/lib/promise/make_done_cb.js:6:24)
    at /home/ubuntu/node_modules/mysql2/lib/base/pool.js:225:20
    at /home/ubuntu/node_modules/mysql2/lib/base/pool.js:83:20
    at PoolConnection.onError (/home/ubuntu/node_modules/mysql2/lib/base/connection.js:1003:7)
    at Object.onceWrapper (node:events:639:26)
    at PoolConnection.emit (node:events:536:35)
    at PoolConnection._notifyError (/home/ubuntu/node_modules/mysql2/lib/base/connection.js:291:12)
    at ClientHandshake.<anonymous> (/home/ubuntu/node_modules/mysql2/lib/base/connection.js:150:14)
    at ClientHandshake.emit (node:events:536:35)
    at ClientHandshake.execute (/home/ubuntu/node_modules/mysql2/lib/commands/command.js:39:14)
Error: Access denied for user 'root'@'localhost'
    at Query.onResult (/home/ubuntu/node_modules/mysql2/lib/promise/make_done_cb.js:6:24)
    at /home/ubuntu/node_modules/mysql2/lib/base/pool.js:225:20
    at /home/ubuntu/node_modules/mysql2/lib/base/pool.js:83:20
    at PoolConnection.onError (/home/ubuntu/node_modules/mysql2/lib/base/connection.js:1003:7)
    at Object.onceWrapper (node:events:639:26)
    at PoolConnection.emit (node:events:536:35)
    at PoolConnection._notifyError (/home/ubuntu/node_modules/mysql2/lib/base/connection.js:291:12)
    at ClientHandshake.<anonymous> (/home/ubuntu/node_modules/mysql2/lib/base/connection.js:150:14)
    at ClientHandshake.emit (node:events:536:35)
    at ClientHandshake.execute (/home/ubuntu/node_modules/mysql2/lib/commands/command.js:39:14)
Error: Access denied for user 'root'@'localhost'
    at Query.onResult (/home/ubuntu/node_modules/mysql2/lib/promise/make_done_cb.js:6:24)
    at /home/ubuntu/node_modules/mysql2/lib/base/pool.js:225:20
    at /home/ubuntu/node_modules/mysql2/lib/base/pool.js:83:20
    at PoolConnection.onError (/home/ubuntu/node_modules/mysql2/lib/base/connection.js:1003:7)
    at Object.onceWrapper (node:events:639:26)
    at PoolConnection.emit (node:events:536:35)
    at PoolConnection._notifyError (/home/ubuntu/node_modules/mysql2/lib/base/connection.js:291:12)
    at ClientHandshake.<anonymous> (/home/ubuntu/node_modules/mysql2/lib/base/connection.js:150:14)
    at ClientHandshake.emit (node:events:536:35)
    at ClientHandshake.execute (/home/ubuntu/node_modules/mysql2/lib/commands/command.js:39:14)
Error: Access denied for user 'root'@'localhost'
    at Query.onResult (/home/ubuntu/node_modules/mysql2/lib/promise/make_done_cb.js:6:24)
    at /home/ubuntu/node_modules/mysql2/lib/base/pool.js:225:20
    at /home/ubuntu/node_modules/mysql2/lib/base/pool.js:83:20
    at PoolConnection.onError (/home/ubuntu/node_modules/mysql2/lib/base/connection.js:1003:7)
    at Object.onceWrapper (node:events:639:26)
    at PoolConnection.emit (node:events:536:35)
    at PoolConnection._notifyError (/home/ubuntu/node_modules/mysql2/lib/base/connection.js:291:12)
    at ClientHandshake.<anonymous> (/home/ubuntu/node_modules/mysql2/lib/base/connection.js:150:14)
    at ClientHandshake.emit (node:events:536:35)
    at ClientHandshake.execute (/home/ubuntu/node_modules/mysql2/lib/commands/command.js:39:14)
Error: Access denied for user 'root'@'localhost'
    at Query.onResult (/home/ubuntu/node_modules/mysql2/lib/promise/make_done_cb.js:6:24)
    at /home/ubuntu/node_modules/mysql2/lib/base/pool.js:225:20
    at /home/ubuntu/node_modules/mysql2/lib/base/pool.js:83:20
    at PoolConnection.onError (/home/ubuntu/node_modules/mysql2/lib/base/connection.js:1003:7)
    at Object.onceWrapper (node:events:639:26)
    at PoolConnection.emit (node:events:536:35)
    at PoolConnection._notifyError (/home/ubuntu/node_modules/mysql2/lib/base/connection.js:291:12)
    at ClientHandshake.<anonymous> (/home/ubuntu/node_modules/mysql2/lib/base/connection.js:150:14)
    at ClientHandshake.emit (node:events:536:35)
    at ClientHandshake.execute (/home/ubuntu/node_modules/mysql2/lib/commands/command.js:39:14)
Error: Access denied for user 'root'@'localhost'
    at Query.onResult (/home/ubuntu/node_modules/mysql2/lib/promise/make_done_cb.js:6:24)
    at /home/ubuntu/node_modules/mysql2/lib/base/pool.js:225:20
    at /home/ubuntu/node_modules/mysql2/lib/base/pool.js:83:20
    at PoolConnection.onError (/home/ubuntu/node_modules/mysql2/lib/base/connection.js:1003:7)
    at Object.onceWrapper (node:events:639:26)
    at PoolConnection.emit (node:events:536:35)
    at PoolConnection._notifyError (/home/ubuntu/node_modules/mysql2/lib/base/connection.js:291:12)
    at ClientHandshake.<anonymous> (/home/ubuntu/node_modules/mysql2/lib/base/connection.js:150:14)
    at ClientHandshake.emit (node:events:536:35)
    at ClientHandshake.execute (/home/ubuntu/node_modules/mysql2/lib/commands/command.js:39:14)
Error: Access denied for user 'root'@'localhost'
    at Query.onResult (/home/ubuntu/node_modules/mysql2/lib/promise/make_done_cb.js:6:24)
    at /home/ubuntu/node_modules/mysql2/lib/base/pool.js:225:20
    at /home/ubuntu/node_modules/mysql2/lib/base/pool.js:83:20
    at PoolConnection.onError (/home/ubuntu/node_modules/mysql2/lib/base/connection.js:1003:7)
    at Object.onceWrapper (node:events:639:26)
    at PoolConnection.emit (node:events:536:35)
    at PoolConnection._notifyError (/home/ubuntu/node_modules/mysql2/lib/base/connection.js:291:12)
    at ClientHandshake.<anonymous> (/home/ubuntu/node_modules/mysql2/lib/base/connection.js:150:14)
    at ClientHandshake.emit (node:events:536:35)
    at ClientHandshake.execute (/home/ubuntu/node_modules/mysql2/lib/commands/command.js:39:14)
Error: Access denied for user 'root'@'localhost'
    at Query.onResult (/home/ubuntu/node_modules/mysql2/lib/promise/make_done_cb.js:6:24)
    at /home/ubuntu/node_modules/mysql2/lib/base/pool.js:225:20
    at /home/ubuntu/node_modules/mysql2/lib/base/pool.js:83:20
    at PoolConnection.onError (/home/ubuntu/node_modules/mysql2/lib/base/connection.js:1003:7)
    at Object.onceWrapper (node:events:639:26)
    at PoolConnection.emit (node:events:536:35)
    at PoolConnection._notifyError (/home/ubuntu/node_modules/mysql2/lib/base/connection.js:291:12)
    at ClientHandshake.<anonymous> (/home/ubuntu/node_modules/mysql2/lib/base/connection.js:150:14)
    at ClientHandshake.emit (node:events:536:35)
    at ClientHandshake.execute (/home/ubuntu/node_modules/mysql2/lib/commands/command.js:39:14)
Error: Access denied for user 'root'@'localhost'
    at Query.onResult (/home/ubuntu/node_modules/mysql2/lib/promise/make_done_cb.js:6:24)
    at /home/ubuntu/node_modules/mysql2/lib/base/pool.js:225:20
    at /home/ubuntu/node_modules/mysql2/lib/base/pool.js:83:20
    at PoolConnection.onError (/home/ubuntu/node_modules/mysql2/lib/base/connection.js:1003:7)
    at Object.onceWrapper (node:events:639:26)
    at PoolConnection.emit (node:events:536:35)
    at PoolConnection._notifyError (/home/ubuntu/node_modules/mysql2/lib/base/connection.js:291:12)
    at ClientHandshake.<anonymous> (/home/ubuntu/node_modules/mysql2/lib/base/connection.js:150:14)
    at ClientHandshake.emit (node:events:536:35)
    at ClientHandshake.execute (/home/ubuntu/node_modules/mysql2/lib/commands/command.js:39:14)
Error: Access denied for user 'root'@'localhost'
    at Query.onResult (/home/ubuntu/node_modules/mysql2/lib/promise/make_done_cb.js:6:24)
    at /home/ubuntu/node_modules/mysql2/lib/base/pool.js:225:20
    at /home/ubuntu/node_modules/mysql2/lib/base/pool.js:83:20
    at PoolConnection.onError (/home/ubuntu/node_modules/mysql2/lib/base/connection.js:1003:7)
    at Object.onceWrapper (node:events:639:26)
    at PoolConnection.emit (node:events:536:35)
    at PoolConnection._notifyError (/home/ubuntu/node_modules/mysql2/lib/base/connection.js:291:12)
    at ClientHandshake.<anonymous> (/home/ubuntu/node_modules/mysql2/lib/base/connection.js:150:14)
    at ClientHandshake.emit (node:events:536:35)
    at ClientHandshake.execute (/home/ubuntu/node_modules/mysql2/lib/commands/command.js:39:14)
Error: Access denied for user 'root'@'localhost'
    at Query.onResult (/home/ubuntu/node_modules/mysql2/lib/promise/make_done_cb.js:6:24)
    at /home/ubuntu/node_modules/mysql2/lib/base/pool.js:225:20
    at /home/ubuntu/node_modules/mysql2/lib/base/pool.js:83:20
    at PoolConnection.onError (/home/ubuntu/node_modules/mysql2/lib/base/connection.js:1003:7)
    at Object.onceWrapper (node:events:639:26)
    at PoolConnection.emit (node:events:536:35)
    at PoolConnection._notifyError (/home/ubuntu/node_modules/mysql2/lib/base/connection.js:291:12)
    at ClientHandshake.<anonymous> (/home/ubuntu/node_modules/mysql2/lib/base/connection.js:150:14)
    at ClientHandshake.emit (node:events:536:35)
    at ClientHandshake.execute (/home/ubuntu/node_modules/mysql2/lib/commands/command.js:39:14)
Error: connect ETIMEDOUT
    at Query.onResult (/home/ubuntu/node_modules/mysql2/lib/promise/make_done_cb.js:6:24)
    at /home/ubuntu/node_modules/mysql2/lib/base/pool.js:225:20
    at /home/ubuntu/node_modules/mysql2/lib/base/pool.js:83:20
    at PoolConnection.onError (/home/ubuntu/node_modules/mysql2/lib/base/connection.js:1003:7)
    at Object.onceWrapper (node:events:639:26)
    at PoolConnection.emit (node:events:536:35)
    at PoolConnection._notifyError (/home/ubuntu/node_modules/mysql2/lib/base/connection.js:291:12)
    at PoolConnection._handleFatalError (/home/ubuntu/node_modules/mysql2/lib/base/connection.js:222:10)
    at PoolConnection._handleNetworkError (/home/ubuntu/node_modules/mysql2/lib/base/connection.js:235:10)
    at PoolConnection._handleTimeoutError (/home/ubuntu/node_modules/mysql2/lib/base/connection.js:248:10)
Error: Access denied for user 'root'@'localhost'
    at Query.onResult (/home/ubuntu/node_modules/mysql2/lib/promise/make_done_cb.js:6:24)
    at /home/ubuntu/node_modules/mysql2/lib/base/pool.js:225:20
    at /home/ubuntu/node_modules/mysql2/lib/base/pool.js:83:20
    at PoolConnection.onError (/home/ubuntu/node_modules/mysql2/lib/base/connection.js:1003:7)
    at Object.onceWrapper (node:events:639:26)
    at PoolConnection.emit (node:events:536:35)
    at PoolConnection._notifyError (/home/ubuntu/node_modules/mysql2/lib/base/connection.js:291:12)
    at ClientHandshake.<anonymous> (/home/ubuntu/node_modules/mysql2/lib/base/connection.js:150:14)
    at ClientHandshake.emit (node:events:536:35)
    at ClientHandshake.execute (/home/ubuntu/node_modules/mysql2/lib/commands/command.js:39:14)
Error: Access denied for user 'root'@'localhost'
    at Query.onResult (/home/ubuntu/node_modules/mysql2/lib/promise/make_done_cb.js:6:24)
    at /home/ubuntu/node_modules/mysql2/lib/base/pool.js:225:20
    at /home/ubuntu/node_modules/mysql2/lib/base/pool.js:83:20
    at PoolConnection.onError (/home/ubuntu/node_modules/mysql2/lib/base/connection.js:1003:7)
    at Object.onceWrapper (node:events:639:26)
    at PoolConnection.emit (node:events:536:35)
    at PoolConnection._notifyError (/home/ubuntu/node_modules/mysql2/lib/base/connection.js:291:12)
    at ClientHandshake.<anonymous> (/home/ubuntu/node_modules/mysql2/lib/base/connection.js:150:14)
    at ClientHandshake.emit (node:events:536:35)
    at ClientHandshake.execute (/home/ubuntu/node_modules/mysql2/lib/commands/command.js:39:14)
Error: Access denied for user 'root'@'localhost'
    at Query.onResult (/home/ubuntu/node_modules/mysql2/lib/promise/make_done_cb.js:6:24)
    at /home/ubuntu/node_modules/mysql2/lib/base/pool.js:225:20
    at /home/ubuntu/node_modules/mysql2/lib/base/pool.js:83:20
    at PoolConnection.onError (/home/ubuntu/node_modules/mysql2/lib/base/connection.js:1003:7)
    at Object.onceWrapper (node:events:639:26)
    at PoolConnection.emit (node:events:536:35)
    at PoolConnection._notifyError (/home/ubuntu/node_modules/mysql2/lib/base/connection.js:291:12)
    at ClientHandshake.<anonymous> (/home/ubuntu/node_modules/mysql2/lib/base/connection.js:150:14)
    at ClientHandshake.emit (node:events:536:35)
    at ClientHandshake.execute (/home/ubuntu/node_modules/mysql2/lib/commands/command.js:39:14)
Error: Access denied for user 'root'@'localhost'
    at Query.onResult (/home/ubuntu/node_modules/mysql2/lib/promise/make_done_cb.js:6:24)
    at /home/ubuntu/node_modules/mysql2/lib/base/pool.js:225:20
    at /home/ubuntu/node_modules/mysql2/lib/base/pool.js:83:20
    at PoolConnection.onError (/home/ubuntu/node_modules/mysql2/lib/base/connection.js:1003:7)
    at Object.onceWrapper (node:events:639:26)
    at PoolConnection.emit (node:events:536:35)
    at PoolConnection._notifyError (/home/ubuntu/node_modules/mysql2/lib/base/connection.js:291:12)
    at ClientHandshake.<anonymous> (/home/ubuntu/node_modules/mysql2/lib/base/connection.js:150:14)
    at ClientHandshake.emit (node:events:536:35)
    at ClientHandshake.execute (/home/ubuntu/node_modules/mysql2/lib/commands/command.js:39:14)
