2026-04-16T01:24:42: PM2 log: ===============================================================================
2026-04-16T01:24:42: PM2 log: --- New PM2 Daemon started ----------------------------------------------------
2026-04-16T01:24:42: PM2 log: Time                 : Thu Apr 16 2026 01:24:42 GMT+0000 (Coordinated Universal Time)
2026-04-16T01:24:42: PM2 log: PM2 version          : 6.0.14
2026-04-16T01:24:42: PM2 log: Node.js version      : 12.22.9
2026-04-16T01:24:42: PM2 log: Current arch         : x64
2026-04-16T01:24:42: PM2 log: PM2 home             : /home/ubuntu/.pm2
2026-04-16T01:24:42: PM2 log: PM2 PID file         : /home/ubuntu/.pm2/pm2.pid
2026-04-16T01:24:42: PM2 log: RPC socket file      : /home/ubuntu/.pm2/rpc.sock
2026-04-16T01:24:42: PM2 log: BUS socket file      : /home/ubuntu/.pm2/pub.sock
2026-04-16T01:24:42: PM2 log: Application log path : /home/ubuntu/.pm2/logs
2026-04-16T01:24:42: PM2 log: Worker Interval      : 30000
2026-04-16T01:24:42: PM2 log: Process dump file    : /home/ubuntu/.pm2/dump.pm2
2026-04-16T01:24:42: PM2 log: Concurrent actions   : 2
2026-04-16T01:24:42: PM2 log: SIGTERM timeout      : 1600
2026-04-16T01:24:42: PM2 log: Runtime Binary       : /usr/bin/node
2026-04-16T01:24:42: PM2 log: ===============================================================================
2026-04-16T01:24:42: PM2 log: App [server:0] starting in -fork mode-
2026-04-16T01:24:42: PM2 log: App [server:0] online
2026-04-16T01:24:43: PM2 log: App [server:0] exited with code [1] via signal [SIGINT]
2026-04-16T01:24:43: PM2 log: App [server:0] starting in -fork mode-
2026-04-16T01:24:43: PM2 log: App [server:0] online
2026-04-16T01:24:44: PM2 log: App [server:0] exited with code [1] via signal [SIGINT]
2026-04-16T01:24:44: PM2 log: App [server:0] starting in -fork mode-
2026-04-16T01:24:44: PM2 log: App [server:0] online
2026-04-16T01:24:44: PM2 log: App [server:0] exited with code [1] via signal [SIGINT]
2026-04-16T01:24:44: PM2 log: App [server:0] starting in -fork mode-
2026-04-16T01:24:44: PM2 log: App [server:0] online
2026-04-16T01:24:45: PM2 log: App [server:0] exited with code [1] via signal [SIGINT]
2026-04-16T01:24:45: PM2 log: App [server:0] starting in -fork mode-
2026-04-16T01:24:45: PM2 log: App [server:0] online
2026-04-16T01:24:46: PM2 log: App [server:0] exited with code [1] via signal [SIGINT]
2026-04-16T01:24:46: PM2 log: App [server:0] starting in -fork mode-
2026-04-16T01:24:46: PM2 log: App [server:0] online
2026-04-16T01:24:47: PM2 log: App [server:0] exited with code [1] via signal [SIGINT]
2026-04-16T01:24:47: PM2 log: App [server:0] starting in -fork mode-
2026-04-16T01:24:47: PM2 log: App [server:0] online
2026-04-16T01:24:48: PM2 log: App [server:0] exited with code [1] via signal [SIGINT]
2026-04-16T01:24:48: PM2 log: App [server:0] starting in -fork mode-
2026-04-16T01:24:48: PM2 log: App [server:0] online
2026-04-16T01:24:49: PM2 log: App [server:0] exited with code [1] via signal [SIGINT]
2026-04-16T01:24:49: PM2 log: App [server:0] starting in -fork mode-
2026-04-16T01:24:49: PM2 log: App [server:0] online
2026-04-16T01:24:49: PM2 log: App [server:0] exited with code [1] via signal [SIGINT]
2026-04-16T01:24:49: PM2 log: App [server:0] starting in -fork mode-
2026-04-16T01:24:49: PM2 log: App [server:0] online
2026-04-16T01:24:50: PM2 log: App [server:0] exited with code [1] via signal [SIGINT]
2026-04-16T01:24:50: PM2 log: App [server:0] starting in -fork mode-
2026-04-16T01:24:50: PM2 log: App [server:0] online
2026-04-16T01:24:51: PM2 log: App [server:0] exited with code [1] via signal [SIGINT]
2026-04-16T01:24:51: PM2 log: App [server:0] starting in -fork mode-
2026-04-16T01:24:51: PM2 log: App [server:0] online
2026-04-16T01:24:52: PM2 log: App [server:0] exited with code [1] via signal [SIGINT]
2026-04-16T01:24:52: PM2 log: App [server:0] starting in -fork mode-
2026-04-16T01:24:52: PM2 log: App [server:0] online
2026-04-16T01:24:53: PM2 log: App [server:0] exited with code [1] via signal [SIGINT]
2026-04-16T01:24:53: PM2 log: App [server:0] starting in -fork mode-
2026-04-16T01:24:53: PM2 log: App [server:0] online
2026-04-16T01:24:53: PM2 log: App [server:0] exited with code [1] via signal [SIGINT]
2026-04-16T01:24:53: PM2 log: App [server:0] starting in -fork mode-
2026-04-16T01:24:53: PM2 log: App [server:0] online
2026-04-16T01:24:54: PM2 log: App [server:0] exited with code [1] via signal [SIGINT]
2026-04-16T01:24:54: PM2 log: App [server:0] starting in -fork mode-
2026-04-16T01:24:54: PM2 log: App [server:0] online
2026-04-16T01:24:55: PM2 log: App [server:0] exited with code [1] via signal [SIGINT]
2026-04-16T01:24:55: PM2 log: App [server:0] starting in -fork mode-
2026-04-16T01:24:55: PM2 log: App [server:0] online
2026-04-16T01:24:56: PM2 log: App [server:0] exited with code [1] via signal [SIGINT]
2026-04-16T01:24:56: PM2 log: Script /home/ubuntu/server.js had too many unstable restarts (16). Stopped. "errored"
2026-04-16T01:30:06: PM2 log: Stopping app:server id:0
2026-04-16T01:30:06: PM2 error: app=server id=0 does not have a pid
2026-04-16T01:31:10: PM2 log: App [server:0] starting in -fork mode-
2026-04-16T01:31:10: PM2 log: App [server:0] online
2026-04-16T01:31:11: PM2 log: App [server:0] exited with code [1] via signal [SIGINT]
2026-04-16T01:31:11: PM2 log: App [server:0] starting in -fork mode-
2026-04-16T01:31:11: PM2 log: App [server:0] online
2026-04-16T01:31:11: PM2 log: App [server:0] exited with code [1] via signal [SIGINT]
2026-04-16T01:31:11: PM2 log: App [server:0] starting in -fork mode-
2026-04-16T01:31:11: PM2 log: App [server:0] online
2026-04-16T01:31:12: PM2 log: App [server:0] exited with code [1] via signal [SIGINT]
2026-04-16T01:31:12: PM2 log: App [server:0] starting in -fork mode-
2026-04-16T01:31:12: PM2 log: App [server:0] online
2026-04-16T01:31:13: PM2 log: App [server:0] exited with code [1] via signal [SIGINT]
2026-04-16T01:31:13: PM2 log: App [server:0] starting in -fork mode-
2026-04-16T01:31:13: PM2 log: App [server:0] online
2026-04-16T01:31:14: PM2 log: App [server:0] exited with code [1] via signal [SIGINT]
2026-04-16T01:31:14: PM2 log: App [server:0] starting in -fork mode-
2026-04-16T01:31:14: PM2 log: App [server:0] online
2026-04-16T01:31:15: PM2 log: App [server:0] exited with code [1] via signal [SIGINT]
2026-04-16T01:31:15: PM2 log: App [server:0] starting in -fork mode-
2026-04-16T01:31:15: PM2 log: App [server:0] online
2026-04-16T01:31:15: PM2 log: App [server:0] exited with code [1] via signal [SIGINT]
2026-04-16T01:31:15: PM2 log: App [server:0] starting in -fork mode-
2026-04-16T01:31:15: PM2 log: App [server:0] online
2026-04-16T01:31:16: PM2 log: App [server:0] exited with code [1] via signal [SIGINT]
2026-04-16T01:31:16: PM2 log: App [server:0] starting in -fork mode-
2026-04-16T01:31:16: PM2 log: App [server:0] online
2026-04-16T01:31:17: PM2 log: App [server:0] exited with code [1] via signal [SIGINT]
2026-04-16T01:31:17: PM2 log: App [server:0] starting in -fork mode-
2026-04-16T01:31:17: PM2 log: App [server:0] online
2026-04-16T01:31:18: PM2 log: App [server:0] exited with code [1] via signal [SIGINT]
2026-04-16T01:31:18: PM2 log: App [server:0] starting in -fork mode-
2026-04-16T01:31:18: PM2 log: App [server:0] online
2026-04-16T01:31:19: PM2 log: App [server:0] exited with code [1] via signal [SIGINT]
2026-04-16T01:31:19: PM2 log: App [server:0] starting in -fork mode-
2026-04-16T01:31:19: PM2 log: App [server:0] online
2026-04-16T01:31:20: PM2 log: App [server:0] exited with code [1] via signal [SIGINT]
2026-04-16T01:31:20: PM2 log: App [server:0] starting in -fork mode-
2026-04-16T01:31:20: PM2 log: App [server:0] online
2026-04-16T01:31:21: PM2 log: App [server:0] exited with code [1] via signal [SIGINT]
2026-04-16T01:31:21: PM2 log: App [server:0] starting in -fork mode-
2026-04-16T01:31:22: PM2 log: App [server:0] online
2026-04-16T01:31:22: PM2 log: App [server:0] exited with code [1] via signal [SIGINT]
2026-04-16T01:31:22: PM2 log: App [server:0] starting in -fork mode-
2026-04-16T01:31:22: PM2 log: App [server:0] online
2026-04-16T01:31:23: PM2 log: App [server:0] exited with code [1] via signal [SIGINT]
2026-04-16T01:31:23: PM2 log: App [server:0] starting in -fork mode-
2026-04-16T01:31:23: PM2 log: App [server:0] online
2026-04-16T01:31:24: PM2 log: App [server:0] exited with code [1] via signal [SIGINT]
2026-04-16T01:31:24: PM2 log: App [server:0] starting in -fork mode-
2026-04-16T01:31:24: PM2 log: App [server:0] online
2026-04-16T01:31:25: PM2 log: App [server:0] exited with code [1] via signal [SIGINT]
2026-04-16T01:31:25: PM2 log: App [server:0] starting in -fork mode-
2026-04-16T01:31:25: PM2 log: App [server:0] online
2026-04-16T01:31:26: PM2 log: App [server:0] exited with code [1] via signal [SIGINT]
2026-04-16T01:31:26: PM2 log: Script /home/ubuntu/server.js had too many unstable restarts (16). Stopped. "errored"
2026-04-16T01:32:41: PM2 log: Stopping app:server id:0
2026-04-16T01:32:41: PM2 error: app=server id=0 does not have a pid
2026-04-16T01:42:27: PM2 log: App [server:0] starting in -fork mode-
2026-04-16T01:42:27: PM2 log: App [server:0] online
2026-04-16T07:29:55: PM2 log: Stopping app:server id:0
2026-04-16T07:30:04: PM2 log: pid=13729 msg=failed to kill - retrying in 100ms
2026-04-16T07:30:04: PM2 log: App [server:0] exited with code [0] via signal [SIGINT]
2026-04-16T07:30:04: PM2 log: pid=13729 msg=process killed
2026-04-16T07:30:04: PM2 log: App [server:0] starting in -fork mode-
2026-04-16T07:30:04: PM2 log: App [server:0] online
2026-04-16T08:49:32: PM2 warn: [pidusage] We couldn't find uptime from /proc/uptime, using os.uptime() value
2026-04-16T10:49:17: PM2 warn: [pidusage] We couldn't find uptime from /proc/uptime, using os.uptime() value
2026-04-16T12:59:52: PM2 warn: [pidusage] We couldn't find uptime from /proc/uptime, using os.uptime() value
2026-04-16T15:09:21: PM2 error: Error caught while calling pidusage
2026-04-16T15:09:21: PM2 error: Error: EBADF: bad file descriptor, read
2026-04-16T15:11:13: PM2 warn: [pidusage] We couldn't find uptime from /proc/uptime, using os.uptime() value
2026-04-16T15:48:50: PM2 warn: [pidusage] We couldn't find uptime from /proc/uptime, using os.uptime() value
2026-04-16T19:27:01: PM2 warn: [pidusage] We couldn't find uptime from /proc/uptime, using os.uptime() value
2026-04-18T11:53:48: PM2 log: ===============================================================================
2026-04-18T11:53:48: PM2 log: --- New PM2 Daemon started ----------------------------------------------------
2026-04-18T11:53:48: PM2 log: Time                 : Sat Apr 18 2026 11:53:48 GMT+0000 (Coordinated Universal Time)
2026-04-18T11:53:48: PM2 log: PM2 version          : 6.0.14
2026-04-18T11:53:48: PM2 log: Node.js version      : 20.20.2
2026-04-18T11:53:48: PM2 log: Current arch         : x64
2026-04-18T11:53:48: PM2 log: PM2 home             : /home/ubuntu/.pm2
2026-04-18T11:53:48: PM2 log: PM2 PID file         : /home/ubuntu/.pm2/pm2.pid
2026-04-18T11:53:48: PM2 log: RPC socket file      : /home/ubuntu/.pm2/rpc.sock
2026-04-18T11:53:48: PM2 log: BUS socket file      : /home/ubuntu/.pm2/pub.sock
2026-04-18T11:53:48: PM2 log: Application log path : /home/ubuntu/.pm2/logs
2026-04-18T11:53:48: PM2 log: Worker Interval      : 30000
2026-04-18T11:53:48: PM2 log: Process dump file    : /home/ubuntu/.pm2/dump.pm2
2026-04-18T11:53:48: PM2 log: Concurrent actions   : 2
2026-04-18T11:53:48: PM2 log: SIGTERM timeout      : 1600
2026-04-18T11:53:48: PM2 log: Runtime Binary       : /usr/bin/node
2026-04-18T11:53:48: PM2 log: ===============================================================================
2026-04-18T11:53:48: PM2 log: App [server:0] starting in -fork mode-
2026-04-18T11:53:48: PM2 log: App [server:0] online
2026-04-18T11:59:41: PM2 log: Stopping app:server id:0
2026-04-18T11:59:41: PM2 log: App [server:0] exited with code [0] via signal [SIGINT]
2026-04-18T11:59:41: PM2 log: pid=10480 msg=process killed
2026-04-18T11:59:41: PM2 log: App [server:0] starting in -fork mode-
2026-04-18T11:59:41: PM2 log: App [server:0] online
2026-04-18T12:17:47: PM2 log: Stopping app:server id:0
2026-04-18T12:17:47: PM2 log: App [server:0] exited with code [0] via signal [SIGINT]
2026-04-18T12:17:48: PM2 log: pid=10557 msg=process killed
2026-04-18T12:17:48: PM2 log: App [server:0] starting in -fork mode-
2026-04-18T12:17:48: PM2 log: App [server:0] online
