0 verbose cli /usr/bin/node /usr/bin/npm
1 info using npm@10.8.2
2 info using node@v20.20.2
3 silly config load:file:/usr/lib/node_modules/npm/npmrc
4 silly config load:file:/home/ubuntu/.npmrc
5 silly config load:file:/usr/etc/npmrc
6 verbose title npm install
7 verbose argv "install"
8 verbose logfile logs-max:10 dir:/home/ubuntu/.npm/_logs/2026-04-17T08_59_46_331Z-
9 verbose logfile /home/ubuntu/.npm/_logs/2026-04-17T08_59_46_331Z-debug-0.log
10 silly packumentCache heap:514326528 maxSize:128581632 maxEntrySize:64290816
11 silly logfile done cleaning log files
12 silly idealTree buildDeps
13 silly reify moves {}
14 silly audit bulk request {
14 silly audit   '@ffmpeg-installer/darwin-arm64': [ '4.1.5' ],
14 silly audit   '@ffmpeg-installer/darwin-x64': [ '4.1.0' ],
14 silly audit   '@ffmpeg-installer/ffmpeg': [ '1.1.0' ],
14 silly audit   '@ffmpeg-installer/linux-arm': [ '4.1.3' ],
14 silly audit   '@ffmpeg-installer/linux-arm64': [ '4.1.4' ],
14 silly audit   '@ffmpeg-installer/linux-ia32': [ '4.1.0' ],
14 silly audit   '@ffmpeg-installer/linux-x64': [ '4.1.0' ],
14 silly audit   '@ffmpeg-installer/win32-ia32': [ '4.1.0' ],
14 silly audit   '@ffmpeg-installer/win32-x64': [ '4.1.0' ],
14 silly audit   '@gar/promise-retry': [ '1.0.3' ],
14 silly audit   '@isaacs/fs-minipass': [ '4.0.1' ],
14 silly audit   '@npmcli/agent': [ '4.0.0' ],
14 silly audit   '@npmcli/fs': [ '5.0.0' ],
14 silly audit   '@npmcli/redact': [ '4.0.0' ],
14 silly audit   '@types/node': [ '25.6.0' ],
14 silly audit   abbrev: [ '4.0.0' ],
14 silly audit   accepts: [ '2.0.0' ],
14 silly audit   'agent-base': [ '7.1.4' ],
14 silly audit   'append-field': [ '1.0.0' ],
14 silly audit   async: [ '0.2.10' ],
14 silly audit   'aws-ssl-profiles': [ '1.1.2' ],
14 silly audit   'balanced-match': [ '4.0.4' ],
14 silly audit   'base64-js': [ '1.5.1' ],
14 silly audit   bindings: [ '1.5.0' ],
14 silly audit   bl: [ '4.1.0' ],
14 silly audit   'body-parser': [ '2.2.2' ],
14 silly audit   'brace-expansion': [ '5.0.5' ],
14 silly audit   buffer: [ '5.7.1' ],
14 silly audit   'buffer-from': [ '1.1.2' ],
14 silly audit   busboy: [ '1.6.0' ],
14 silly audit   bytes: [ '3.1.2' ],
14 silly audit   cacache: [ '20.0.4' ],
14 silly audit   'call-bind-apply-helpers': [ '1.0.2' ],
14 silly audit   'call-bound': [ '1.0.4' ],
14 silly audit   chownr: [ '3.0.0', '1.1.4' ],
14 silly audit   'concat-stream': [ '2.0.0' ],
14 silly audit   'content-disposition': [ '1.1.0' ],
14 silly audit   'content-type': [ '1.0.5' ],
14 silly audit   cookie: [ '0.7.2' ],
14 silly audit   'cookie-signature': [ '1.2.2' ],
14 silly audit   debug: [ '4.4.3' ],
14 silly audit   'decompress-response': [ '6.0.0' ],
14 silly audit   'deep-extend': [ '0.6.0' ],
14 silly audit   denque: [ '2.1.0' ],
14 silly audit   depd: [ '2.0.0' ],
14 silly audit   'detect-libc': [ '2.1.2' ],
14 silly audit   'dunder-proto': [ '1.0.1' ],
14 silly audit   'ee-first': [ '1.1.1' ],
14 silly audit   encodeurl: [ '2.0.0' ],
14 silly audit   'end-of-stream': [ '1.4.5' ],
14 silly audit   'env-paths': [ '2.2.1' ],
14 silly audit   'es-define-property': [ '1.0.1' ],
14 silly audit   'es-errors': [ '1.3.0' ],
14 silly audit   'es-object-atoms': [ '1.1.1' ],
14 silly audit   'escape-html': [ '1.0.3' ],
14 silly audit   etag: [ '1.8.1' ],
14 silly audit   'expand-template': [ '2.0.3' ],
14 silly audit   'exponential-backoff': [ '3.1.3' ],
14 silly audit   express: [ '5.2.1' ],
14 silly audit   fdir: [ '6.5.0' ],
14 silly audit   'file-uri-to-path': [ '1.0.0' ],
14 silly audit   finalhandler: [ '2.1.1' ],
14 silly audit   'fluent-ffmpeg': [ '2.1.3' ],
14 silly audit   forwarded: [ '0.2.0' ],
14 silly audit   fresh: [ '2.0.0' ],
14 silly audit   'fs-constants': [ '1.0.0' ],
14 silly audit   'fs-minipass': [ '3.0.3' ],
14 silly audit   'function-bind': [ '1.1.2' ],
14 silly audit   'generate-function': [ '2.3.1' ],
14 silly audit   'get-intrinsic': [ '1.3.0' ],
14 silly audit   'get-proto': [ '1.0.1' ],
14 silly audit   'github-from-package': [ '0.0.0' ],
14 silly audit   glob: [ '13.0.6' ],
14 silly audit   gopd: [ '1.2.0' ],
14 silly audit   'graceful-fs': [ '4.2.11' ],
14 silly audit   'has-symbols': [ '1.1.0' ],
14 silly audit   hasown: [ '2.0.2' ],
14 silly audit   'http-cache-semantics': [ '4.2.0' ],
14 silly audit   'http-errors': [ '2.0.1' ],
14 silly audit   'http-proxy-agent': [ '7.0.2' ],
14 silly audit   'https-proxy-agent': [ '7.0.6' ],
14 silly audit   'iconv-lite': [ '0.7.2' ],
14 silly audit   ieee754: [ '1.2.1' ],
14 silly audit   inherits: [ '2.0.4' ],
14 silly audit   ini: [ '1.3.8' ],
14 silly audit   'ip-address': [ '10.1.0' ],
14 silly audit   'ipaddr.js': [ '1.9.1' ],
14 silly audit   'is-promise': [ '4.0.0' ],
14 silly audit   'is-property': [ '1.0.2' ],
14 silly audit   isexe: [ '2.0.0', '4.0.0' ],
14 silly audit   long: [ '5.3.2' ],
14 silly audit   'lru-cache': [ '11.3.5' ],
14 silly audit   'lru.min': [ '1.1.4' ],
14 silly audit   'make-fetch-happen': [ '15.0.5' ],
14 silly audit   'math-intrinsics': [ '1.1.0' ],
14 silly audit   'media-typer': [ '1.1.0', '0.3.0' ],
14 silly audit   'merge-descriptors': [ '2.0.0' ],
14 silly audit   'mime-db': [ '1.54.0', '1.52.0' ],
14 silly audit   'mime-types': [ '3.0.2', '2.1.35' ],
14 silly audit   'mimic-response': [ '3.1.0' ],
14 silly audit   minimatch: [ '10.2.5' ],
14 silly audit   minimist: [ '1.2.8' ],
14 silly audit   minipass: [ '7.1.3', '3.3.6' ],
14 silly audit   'minipass-collect': [ '2.0.1' ],
14 silly audit   'minipass-fetch': [ '5.0.2' ],
14 silly audit   'minipass-flush': [ '1.0.7' ],
14 silly audit   yallist: [ '4.0.0', '5.0.0' ],
14 silly audit   'minipass-pipeline': [ '1.2.4' ],
14 silly audit   'minipass-sized': [ '2.0.0' ],
14 silly audit   minizlib: [ '3.1.0' ],
14 silly audit   'mkdirp-classic': [ '0.5.3' ],
14 silly audit   ms: [ '2.1.3' ],
14 silly audit   multer: [ '2.1.1' ],
14 silly audit   'type-is': [ '1.6.18', '2.0.1' ],
14 silly audit   mysql2: [ '3.22.0' ],
14 silly audit   'named-placeholders': [ '1.1.6' ],
14 silly audit   'napi-build-utils': [ '2.0.0' ],
14 silly audit   negotiator: [ '1.0.0' ],
14 silly audit   'node-abi': [ '3.89.0' ],
14 silly audit   'node-addon-api': [ '8.7.0' ],
14 silly audit   'node-gyp': [ '12.2.0' ],
14 silly audit   which: [ '6.0.1', '1.3.1' ],
14 silly audit   nodemailer: [ '8.0.5' ],
14 silly audit   nopt: [ '9.0.0' ],
14 silly audit   'object-inspect': [ '1.13.4' ],
14 silly audit   'on-finished': [ '2.4.1' ],
14 silly audit   once: [ '1.4.0' ],
14 silly audit   'p-map': [ '7.0.4' ],
14 silly audit   parseurl: [ '1.3.3' ],
14 silly audit   'path-scurry': [ '2.0.2' ],
14 silly audit   'path-to-regexp': [ '8.4.2' ],
14 silly audit   picomatch: [ '4.0.4' ],
14 silly audit   'prebuild-install': [ '7.1.3' ],
14 silly audit   'proc-log': [ '6.1.0' ],
14 silly audit   'proxy-addr': [ '2.0.7' ],
14 silly audit   pump: [ '3.0.4' ],
14 silly audit   qs: [ '6.15.1' ],
14 silly audit   'range-parser': [ '1.2.1' ],
14 silly audit   'raw-body': [ '3.0.2' ],
14 silly audit   rc: [ '1.2.8' ],
14 silly audit   'readable-stream': [ '3.6.2' ],
14 silly audit   router: [ '2.2.0' ],
14 silly audit   'safe-buffer': [ '5.2.1' ],
14 silly audit   'safer-buffer': [ '2.1.2' ],
14 silly audit   semver: [ '7.7.4' ],
14 silly audit   send: [ '1.2.1' ],
14 silly audit   'serve-static': [ '2.2.1' ],
14 silly audit   setprototypeof: [ '1.2.0' ],
14 silly audit   'side-channel': [ '1.1.0' ],
14 silly audit   'side-channel-list': [ '1.0.1' ],
14 silly audit   'side-channel-map': [ '1.0.1' ],
14 silly audit   'side-channel-weakmap': [ '1.0.2' ],
14 silly audit   'simple-concat': [ '1.0.1' ],
14 silly audit   'simple-get': [ '4.0.1' ],
14 silly audit   'smart-buffer': [ '4.2.0' ],
14 silly audit   socks: [ '2.8.7' ],
14 silly audit   'socks-proxy-agent': [ '8.0.5' ],
14 silly audit   'sql-escaper': [ '1.3.3' ],
14 silly audit   sqlite: [ '5.1.1' ],
14 silly audit   sqlite3: [ '6.0.1' ],
14 silly audit   ssri: [ '13.0.1' ],
14 silly audit   statuses: [ '2.0.2' ],
14 silly audit   streamsearch: [ '1.1.0' ],
14 silly audit   string_decoder: [ '1.3.0' ],
14 silly audit   'strip-json-comments': [ '2.0.1' ],
14 silly audit   tar: [ '7.5.13' ],
14 silly audit   'tar-fs': [ '2.1.4' ],
14 silly audit   'tar-stream': [ '2.2.0' ],
14 silly audit   tinyglobby: [ '0.2.16' ],
14 silly audit   toidentifier: [ '1.0.1' ],
14 silly audit   'tunnel-agent': [ '0.6.0' ],
14 silly audit   typedarray: [ '0.0.6' ],
14 silly audit   'undici-types': [ '7.19.2' ],
14 silly audit   unpipe: [ '1.0.0' ],
14 silly audit   'util-deprecate': [ '1.0.2' ],
14 silly audit   vary: [ '1.1.2' ],
14 silly audit   wrappy: [ '1.0.2' ]
14 silly audit }
15 verbose reify failed optional dependency /home/ubuntu/node_modules/@ffmpeg-installer/win32-x64
16 silly reify mark deleted [ '/home/ubuntu/node_modules/@ffmpeg-installer/win32-x64' ]
17 verbose reify failed optional dependency /home/ubuntu/node_modules/@ffmpeg-installer/win32-ia32
18 silly reify mark deleted [ '/home/ubuntu/node_modules/@ffmpeg-installer/win32-ia32' ]
19 verbose reify failed optional dependency /home/ubuntu/node_modules/@ffmpeg-installer/linux-ia32
20 silly reify mark deleted [ '/home/ubuntu/node_modules/@ffmpeg-installer/linux-ia32' ]
21 verbose reify failed optional dependency /home/ubuntu/node_modules/@ffmpeg-installer/linux-arm64
22 silly reify mark deleted [ '/home/ubuntu/node_modules/@ffmpeg-installer/linux-arm64' ]
23 verbose reify failed optional dependency /home/ubuntu/node_modules/@ffmpeg-installer/linux-arm
24 silly reify mark deleted [ '/home/ubuntu/node_modules/@ffmpeg-installer/linux-arm' ]
25 verbose reify failed optional dependency /home/ubuntu/node_modules/@ffmpeg-installer/darwin-x64
26 silly reify mark deleted [ '/home/ubuntu/node_modules/@ffmpeg-installer/darwin-x64' ]
27 verbose reify failed optional dependency /home/ubuntu/node_modules/@ffmpeg-installer/darwin-arm64
28 silly reify mark deleted [ '/home/ubuntu/node_modules/@ffmpeg-installer/darwin-arm64' ]
29 http fetch POST 200 https://registry.npmjs.org/-/npm/v1/security/advisories/bulk 946ms
30 silly audit report {}
31 silly ADD
32 silly ADD
33 silly ADD
34 silly ADD
35 silly ADD
36 silly ADD
37 silly ADD
38 verbose cwd /home/ubuntu/mytube_v2
39 verbose os Linux 6.8.0-1047-oracle
40 verbose node v20.20.2
41 verbose npm  v10.8.2
42 verbose exit 0
43 info ok
