0 verbose cli /usr/bin/node /usr/bin/npm
1 info using npm@10.8.2
2 info using node@v20.20.2
3 silly config load:file:/usr/lib/node_modules/npm/npmrc
4 silly config load:file:/home/ubuntu/.npmrc
5 silly config load:file:/usr/etc/npmrc
6 verbose title npm install
7 verbose argv "install"
8 verbose logfile logs-max:10 dir:/home/ubuntu/.npm/_logs/2026-04-16T01_42_06_812Z-
9 verbose logfile /home/ubuntu/.npm/_logs/2026-04-16T01_42_06_812Z-debug-0.log
10 silly packumentCache heap:514326528 maxSize:128581632 maxEntrySize:64290816
11 silly logfile done cleaning log files
12 silly idealTree buildDeps
13 silly reify moves {}
14 silly audit bulk request {
14 silly audit   '@ffmpeg-installer/darwin-arm64': [ '4.1.5' ],
14 silly audit   '@ffmpeg-installer/darwin-x64': [ '4.1.0' ],
14 silly audit   '@ffmpeg-installer/ffmpeg': [ '1.1.0' ],
14 silly audit   '@ffmpeg-installer/linux-arm': [ '4.1.3' ],
14 silly audit   '@ffmpeg-installer/linux-arm64': [ '4.1.4' ],
14 silly audit   '@ffmpeg-installer/linux-ia32': [ '4.1.0' ],
14 silly audit   '@ffmpeg-installer/linux-x64': [ '4.1.0' ],
14 silly audit   '@ffmpeg-installer/win32-ia32': [ '4.1.0' ],
14 silly audit   '@ffmpeg-installer/win32-x64': [ '4.1.0' ],
14 silly audit   '@gar/promise-retry': [ '1.0.3' ],
14 silly audit   '@isaacs/fs-minipass': [ '4.0.1' ],
14 silly audit   '@npmcli/agent': [ '4.0.0' ],
14 silly audit   '@npmcli/fs': [ '5.0.0' ],
14 silly audit   '@npmcli/redact': [ '4.0.0' ],
14 silly audit   '@types/node': [ '25.6.0' ],
14 silly audit   abbrev: [ '4.0.0' ],
14 silly audit   accepts: [ '2.0.0' ],
14 silly audit   'agent-base': [ '7.1.4' ],
14 silly audit   'append-field': [ '1.0.0' ],
14 silly audit   async: [ '0.2.10' ],
14 silly audit   'aws-ssl-profiles': [ '1.1.2' ],
14 silly audit   'balanced-match': [ '4.0.4' ],
14 silly audit   'base64-js': [ '1.5.1' ],
14 silly audit   bindings: [ '1.5.0' ],
14 silly audit   bl: [ '4.1.0' ],
14 silly audit   'body-parser': [ '2.2.2' ],
14 silly audit   'brace-expansion': [ '5.0.5' ],
14 silly audit   buffer: [ '5.7.1' ],
14 silly audit   'buffer-from': [ '1.1.2' ],
14 silly audit   busboy: [ '1.6.0' ],
14 silly audit   bytes: [ '3.1.2' ],
14 silly audit   cacache: [ '20.0.4' ],
14 silly audit   'call-bind-apply-helpers': [ '1.0.2' ],
14 silly audit   'call-bound': [ '1.0.4' ],
14 silly audit   chownr: [ '3.0.0', '1.1.4' ],
14 silly audit   'concat-stream': [ '2.0.0' ],
14 silly audit   'content-disposition': [ '1.1.0' ],
14 silly audit   'content-type': [ '1.0.5' ],
14 silly audit   cookie: [ '0.7.2' ],
14 silly audit   'cookie-signature': [ '1.2.2' ],
14 silly audit   debug: [ '4.4.3' ],
14 silly audit   'decompress-response': [ '6.0.0' ],
14 silly audit   'deep-extend': [ '0.6.0' ],
14 silly audit   denque: [ '2.1.0' ],
14 silly audit   depd: [ '2.0.0' ],
14 silly audit   'detect-libc': [ '2.1.2' ],
14 silly audit   'dunder-proto': [ '1.0.1' ],
14 silly audit   'ee-first': [ '1.1.1' ],
14 silly audit   encodeurl: [ '2.0.0' ],
14 silly audit   'end-of-stream': [ '1.4.5' ],
14 silly audit   'env-paths': [ '2.2.1' ],
14 silly audit   'es-define-property': [ '1.0.1' ],
14 silly audit   'es-errors': [ '1.3.0' ],
14 silly audit   'es-object-atoms': [ '1.1.1' ],
14 silly audit   'escape-html': [ '1.0.3' ],
14 silly audit   etag: [ '1.8.1' ],
14 silly audit   'expand-template': [ '2.0.3' ],
14 silly audit   'exponential-backoff': [ '3.1.3' ],
14 silly audit   express: [ '5.2.1' ],
14 silly audit   fdir: [ '6.5.0' ],
14 silly audit   'file-uri-to-path': [ '1.0.0' ],
14 silly audit   finalhandler: [ '2.1.1' ],
14 silly audit   'fluent-ffmpeg': [ '2.1.3' ],
14 silly audit   forwarded: [ '0.2.0' ],
14 silly audit   fresh: [ '2.0.0' ],
14 silly audit   'fs-constants': [ '1.0.0' ],
14 silly audit   'fs-minipass': [ '3.0.3' ],
14 silly audit   'function-bind': [ '1.1.2' ],
14 silly audit   'generate-function': [ '2.3.1' ],
14 silly audit   'get-intrinsic': [ '1.3.0' ],
14 silly audit   'get-proto': [ '1.0.1' ],
14 silly audit   'github-from-package': [ '0.0.0' ],
14 silly audit   glob: [ '13.0.6' ],
14 silly audit   gopd: [ '1.2.0' ],
14 silly audit   'graceful-fs': [ '4.2.11' ],
14 silly audit   'has-symbols': [ '1.1.0' ],
14 silly audit   hasown: [ '2.0.2' ],
14 silly audit   'http-cache-semantics': [ '4.2.0' ],
14 silly audit   'http-errors': [ '2.0.1' ],
14 silly audit   'http-proxy-agent': [ '7.0.2' ],
14 silly audit   'https-proxy-agent': [ '7.0.6' ],
14 silly audit   'iconv-lite': [ '0.7.2' ],
14 silly audit   ieee754: [ '1.2.1' ],
14 silly audit   inherits: [ '2.0.4' ],
14 silly audit   ini: [ '1.3.8' ],
14 silly audit   'ip-address': [ '10.1.0' ],
14 silly audit   'ipaddr.js': [ '1.9.1' ],
14 silly audit   'is-promise': [ '4.0.0' ],
14 silly audit   'is-property': [ '1.0.2' ],
14 silly audit   isexe: [ '2.0.0', '4.0.0' ],
14 silly audit   long: [ '5.3.2' ],
14 silly audit   'lru-cache': [ '11.3.5' ],
14 silly audit   'lru.min': [ '1.1.4' ],
14 silly audit   'make-fetch-happen': [ '15.0.5' ],
14 silly audit   'math-intrinsics': [ '1.1.0' ],
14 silly audit   'media-typer': [ '1.1.0', '0.3.0' ],
14 silly audit   'merge-descriptors': [ '2.0.0' ],
14 silly audit   'mime-db': [ '1.54.0', '1.52.0' ],
14 silly audit   'mime-types': [ '3.0.2', '2.1.35' ],
14 silly audit   'mimic-response': [ '3.1.0' ],
14 silly audit   minimatch: [ '10.2.5' ],
14 silly audit   minimist: [ '1.2.8' ],
14 silly audit   minipass: [ '7.1.3', '3.3.6' ],
14 silly audit   'minipass-collect': [ '2.0.1' ],
14 silly audit   'minipass-fetch': [ '5.0.2' ],
14 silly audit   'minipass-flush': [ '1.0.7' ],
14 silly audit   yallist: [ '4.0.0', '5.0.0' ],
14 silly audit   'minipass-pipeline': [ '1.2.4' ],
14 silly audit   'minipass-sized': [ '2.0.0' ],
14 silly audit   minizlib: [ '3.1.0' ],
14 silly audit   'mkdirp-classic': [ '0.5.3' ],
14 silly audit   ms: [ '2.1.3' ],
14 silly audit   multer: [ '2.1.1' ],
14 silly audit   'type-is': [ '1.6.18', '2.0.1' ],
14 silly audit   mysql2: [ '3.22.0' ],
14 silly audit   'named-placeholders': [ '1.1.6' ],
14 silly audit   'napi-build-utils': [ '2.0.0' ],
14 silly audit   negotiator: [ '1.0.0' ],
14 silly audit   'node-abi': [ '3.89.0' ],
14 silly audit   'node-addon-api': [ '8.7.0' ],
14 silly audit   'node-gyp': [ '12.2.0' ],
14 silly audit   which: [ '6.0.1', '1.3.1' ],
14 silly audit   nodemailer: [ '8.0.5' ],
14 silly audit   nopt: [ '9.0.0' ],
14 silly audit   'object-inspect': [ '1.13.4' ],
14 silly audit   'on-finished': [ '2.4.1' ],
14 silly audit   once: [ '1.4.0' ],
14 silly audit   'p-map': [ '7.0.4' ],
14 silly audit   parseurl: [ '1.3.3' ],
14 silly audit   'path-scurry': [ '2.0.2' ],
14 silly audit   'path-to-regexp': [ '8.4.2' ],
14 silly audit   picomatch: [ '4.0.4' ],
14 silly audit   'prebuild-install': [ '7.1.3' ],
14 silly audit   'proc-log': [ '6.1.0' ],
14 silly audit   'proxy-addr': [ '2.0.7' ],
14 silly audit   pump: [ '3.0.4' ],
14 silly audit   qs: [ '6.15.1' ],
14 silly audit   'range-parser': [ '1.2.1' ],
14 silly audit   'raw-body': [ '3.0.2' ],
14 silly audit   rc: [ '1.2.8' ],
14 silly audit   'readable-stream': [ '3.6.2' ],
14 silly audit   router: [ '2.2.0' ],
14 silly audit   'safe-buffer': [ '5.2.1' ],
14 silly audit   'safer-buffer': [ '2.1.2' ],
14 silly audit   semver: [ '7.7.4' ],
14 silly audit   send: [ '1.2.1' ],
14 silly audit   'serve-static': [ '2.2.1' ],
14 silly audit   setprototypeof: [ '1.2.0' ],
14 silly audit   'side-channel': [ '1.1.0' ],
14 silly audit   'side-channel-list': [ '1.0.1' ],
14 silly audit   'side-channel-map': [ '1.0.1' ],
14 silly audit   'side-channel-weakmap': [ '1.0.2' ],
14 silly audit   'simple-concat': [ '1.0.1' ],
14 silly audit   'simple-get': [ '4.0.1' ],
14 silly audit   'smart-buffer': [ '4.2.0' ],
14 silly audit   socks: [ '2.8.7' ],
14 silly audit   'socks-proxy-agent': [ '8.0.5' ],
14 silly audit   'sql-escaper': [ '1.3.3' ],
14 silly audit   sqlite: [ '5.1.1' ],
14 silly audit   sqlite3: [ '6.0.1' ],
14 silly audit   ssri: [ '13.0.1' ],
14 silly audit   statuses: [ '2.0.2' ],
14 silly audit   streamsearch: [ '1.1.0' ],
14 silly audit   string_decoder: [ '1.3.0' ],
14 silly audit   'strip-json-comments': [ '2.0.1' ],
14 silly audit   tar: [ '7.5.13' ],
14 silly audit   'tar-fs': [ '2.1.4' ],
14 silly audit   'tar-stream': [ '2.2.0' ],
14 silly audit   tinyglobby: [ '0.2.16' ],
14 silly audit   toidentifier: [ '1.0.1' ],
14 silly audit   'tunnel-agent': [ '0.6.0' ],
14 silly audit   typedarray: [ '0.0.6' ],
14 silly audit   'undici-types': [ '7.19.2' ],
14 silly audit   unpipe: [ '1.0.0' ],
14 silly audit   'util-deprecate': [ '1.0.2' ],
14 silly audit   vary: [ '1.1.2' ],
14 silly audit   wrappy: [ '1.0.2' ]
14 silly audit }
15 verbose reify failed optional dependency /home/ubuntu/node_modules/@ffmpeg-installer/win32-x64
16 silly reify mark deleted [ '/home/ubuntu/node_modules/@ffmpeg-installer/win32-x64' ]
17 verbose reify failed optional dependency /home/ubuntu/node_modules/@ffmpeg-installer/win32-ia32
18 silly reify mark deleted [ '/home/ubuntu/node_modules/@ffmpeg-installer/win32-ia32' ]
19 verbose reify failed optional dependency /home/ubuntu/node_modules/@ffmpeg-installer/linux-ia32
20 silly reify mark deleted [ '/home/ubuntu/node_modules/@ffmpeg-installer/linux-ia32' ]
21 verbose reify failed optional dependency /home/ubuntu/node_modules/@ffmpeg-installer/linux-arm64
22 silly reify mark deleted [ '/home/ubuntu/node_modules/@ffmpeg-installer/linux-arm64' ]
23 verbose reify failed optional dependency /home/ubuntu/node_modules/@ffmpeg-installer/linux-arm
24 silly reify mark deleted [ '/home/ubuntu/node_modules/@ffmpeg-installer/linux-arm' ]
25 verbose reify failed optional dependency /home/ubuntu/node_modules/@ffmpeg-installer/darwin-x64
26 silly reify mark deleted [ '/home/ubuntu/node_modules/@ffmpeg-installer/darwin-x64' ]
27 verbose reify failed optional dependency /home/ubuntu/node_modules/@ffmpeg-installer/darwin-arm64
28 silly reify mark deleted [ '/home/ubuntu/node_modules/@ffmpeg-installer/darwin-arm64' ]
29 silly tarball no local data for ssri@https://registry.npmjs.org/ssri/-/ssri-13.0.1.tgz. Extracting by manifest.
30 silly tarball no local data for socks-proxy-agent@https://registry.npmjs.org/socks-proxy-agent/-/socks-proxy-agent-8.0.5.tgz. Extracting by manifest.
31 silly tarball no local data for proc-log@https://registry.npmjs.org/proc-log/-/proc-log-6.1.0.tgz. Extracting by manifest.
32 silly tarball no local data for path-scurry@https://registry.npmjs.org/path-scurry/-/path-scurry-2.0.2.tgz. Extracting by manifest.
33 silly tarball no local data for node-gyp@https://registry.npmjs.org/node-gyp/-/node-gyp-12.2.0.tgz. Extracting by manifest.
34 silly tarball no local data for p-map@https://registry.npmjs.org/p-map/-/p-map-7.0.4.tgz. Extracting by manifest.
35 silly tarball no local data for nopt@https://registry.npmjs.org/nopt/-/nopt-9.0.0.tgz. Extracting by manifest.
36 silly tarball no local data for minipass-fetch@https://registry.npmjs.org/minipass-fetch/-/minipass-fetch-5.0.2.tgz. Extracting by manifest.
37 silly tarball no local data for make-fetch-happen@https://registry.npmjs.org/make-fetch-happen/-/make-fetch-happen-15.0.5.tgz. Extracting by manifest.
38 silly tarball no local data for minipass-collect@https://registry.npmjs.org/minipass-collect/-/minipass-collect-2.0.1.tgz. Extracting by manifest.
39 silly tarball no local data for minimatch@https://registry.npmjs.org/minimatch/-/minimatch-10.2.5.tgz. Extracting by manifest.
40 silly tarball no local data for lru-cache@https://registry.npmjs.org/lru-cache/-/lru-cache-11.3.5.tgz. Extracting by manifest.
41 silly tarball no local data for https-proxy-agent@https://registry.npmjs.org/https-proxy-agent/-/https-proxy-agent-7.0.6.tgz. Extracting by manifest.
42 silly tarball no local data for glob@https://registry.npmjs.org/glob/-/glob-13.0.6.tgz. Extracting by manifest.
43 silly tarball no local data for fs-minipass@https://registry.npmjs.org/fs-minipass/-/fs-minipass-3.0.3.tgz. Extracting by manifest.
44 silly tarball no local data for http-proxy-agent@https://registry.npmjs.org/http-proxy-agent/-/http-proxy-agent-7.0.2.tgz. Extracting by manifest.
45 silly tarball no local data for brace-expansion@https://registry.npmjs.org/brace-expansion/-/brace-expansion-5.0.5.tgz. Extracting by manifest.
46 silly tarball no local data for agent-base@https://registry.npmjs.org/agent-base/-/agent-base-7.1.4.tgz. Extracting by manifest.
47 silly tarball no local data for balanced-match@https://registry.npmjs.org/balanced-match/-/balanced-match-4.0.4.tgz. Extracting by manifest.
48 silly tarball no local data for cacache@https://registry.npmjs.org/cacache/-/cacache-20.0.4.tgz. Extracting by manifest.
49 silly tarball no local data for abbrev@https://registry.npmjs.org/abbrev/-/abbrev-4.0.0.tgz. Extracting by manifest.
50 silly tarball no local data for @npmcli/redact@https://registry.npmjs.org/@npmcli/redact/-/redact-4.0.0.tgz. Extracting by manifest.
51 silly tarball no local data for @gar/promise-retry@https://registry.npmjs.org/@gar/promise-retry/-/promise-retry-1.0.3.tgz. Extracting by manifest.
52 silly tarball no local data for @npmcli/fs@https://registry.npmjs.org/@npmcli/fs/-/fs-5.0.0.tgz. Extracting by manifest.
53 silly tarball no local data for @npmcli/agent@https://registry.npmjs.org/@npmcli/agent/-/agent-4.0.0.tgz. Extracting by manifest.
54 silly tarball no local data for which@https://registry.npmjs.org/which/-/which-6.0.1.tgz. Extracting by manifest.
55 silly tarball no local data for isexe@https://registry.npmjs.org/isexe/-/isexe-4.0.0.tgz. Extracting by manifest.
56 http fetch POST 200 https://registry.npmjs.org/-/npm/v1/security/advisories/bulk 2506ms
57 silly audit report {}
58 http fetch GET 200 https://registry.npmjs.org/minipass-collect/-/minipass-collect-2.0.1.tgz 3091ms (cache miss)
59 http fetch GET 200 https://registry.npmjs.org/abbrev/-/abbrev-4.0.0.tgz 3007ms (cache miss)
60 http fetch GET 200 https://registry.npmjs.org/p-map/-/p-map-7.0.4.tgz 3197ms (cache miss)
61 http fetch GET 200 https://registry.npmjs.org/@npmcli/agent/-/agent-4.0.0.tgz 3015ms (cache miss)
62 http fetch GET 200 https://registry.npmjs.org/which/-/which-6.0.1.tgz 3012ms (cache miss)
63 http fetch GET 200 https://registry.npmjs.org/proc-log/-/proc-log-6.1.0.tgz 3212ms (cache miss)
64 http fetch GET 200 https://registry.npmjs.org/fs-minipass/-/fs-minipass-3.0.3.tgz 3198ms (cache miss)
65 http fetch GET 200 https://registry.npmjs.org/balanced-match/-/balanced-match-4.0.4.tgz 3197ms (cache miss)
66 http fetch GET 200 https://registry.npmjs.org/@gar/promise-retry/-/promise-retry-1.0.3.tgz 3203ms (cache miss)
67 http fetch GET 200 https://registry.npmjs.org/@npmcli/redact/-/redact-4.0.0.tgz 3205ms (cache miss)
68 http fetch GET 200 https://registry.npmjs.org/nopt/-/nopt-9.0.0.tgz 3387ms (cache miss)
69 http fetch GET 200 https://registry.npmjs.org/socks-proxy-agent/-/socks-proxy-agent-8.0.5.tgz 3395ms (cache miss)
70 http fetch GET 200 https://registry.npmjs.org/ssri/-/ssri-13.0.1.tgz 3404ms (cache miss)
71 http fetch GET 200 https://registry.npmjs.org/http-proxy-agent/-/http-proxy-agent-7.0.2.tgz 3303ms (cache miss)
72 http fetch GET 200 https://registry.npmjs.org/minipass-fetch/-/minipass-fetch-5.0.2.tgz 3415ms (cache miss)
73 http fetch GET 200 https://registry.npmjs.org/https-proxy-agent/-/https-proxy-agent-7.0.6.tgz 3394ms (cache miss)
74 http fetch GET 200 https://registry.npmjs.org/agent-base/-/agent-base-7.1.4.tgz 3387ms (cache miss)
75 http fetch GET 200 https://registry.npmjs.org/brace-expansion/-/brace-expansion-5.0.5.tgz 3394ms (cache miss)
76 http fetch GET 200 https://registry.npmjs.org/cacache/-/cacache-20.0.4.tgz 3397ms (cache miss)
77 http fetch GET 200 https://registry.npmjs.org/@npmcli/fs/-/fs-5.0.0.tgz 3314ms (cache miss)
78 http fetch GET 200 https://registry.npmjs.org/make-fetch-happen/-/make-fetch-happen-15.0.5.tgz 3598ms (cache miss)
79 http fetch GET 200 https://registry.npmjs.org/isexe/-/isexe-4.0.0.tgz 3592ms (cache miss)
80 http fetch GET 200 https://registry.npmjs.org/path-scurry/-/path-scurry-2.0.2.tgz 3998ms (cache miss)
81 http fetch GET 200 https://registry.npmjs.org/minimatch/-/minimatch-10.2.5.tgz 4106ms (cache miss)
82 http fetch GET 200 https://registry.npmjs.org/lru-cache/-/lru-cache-11.3.5.tgz 4318ms (cache miss)
83 http fetch GET 200 https://registry.npmjs.org/glob/-/glob-13.0.6.tgz 4315ms (cache miss)
84 http fetch GET 200 https://registry.npmjs.org/node-gyp/-/node-gyp-12.2.0.tgz 4514ms (cache miss)
85 silly ADD node_modules/tinyglobby
86 silly ADD node_modules/ssri
87 silly ADD node_modules/socks-proxy-agent
88 silly ADD node_modules/socks
89 silly ADD node_modules/smart-buffer
90 silly ADD node_modules/proc-log
91 silly ADD node_modules/picomatch
92 silly ADD node_modules/path-scurry
93 silly ADD node_modules/p-map
94 silly ADD node_modules/nopt
95 silly ADD node_modules/node-gyp
96 silly ADD node_modules/node-gyp/node_modules/which
97 silly ADD node_modules/node-gyp/node_modules/isexe
98 silly ADD node_modules/minipass-sized
99 silly ADD node_modules/minipass-pipeline
100 silly ADD node_modules/minipass-pipeline/node_modules/yallist
101 silly ADD node_modules/minipass-pipeline/node_modules/minipass
102 silly ADD node_modules/minipass-flush
103 silly ADD node_modules/minipass-flush/node_modules/yallist
104 silly ADD node_modules/minipass-flush/node_modules/minipass
105 silly ADD node_modules/minipass-fetch
106 silly ADD node_modules/minipass-collect
107 silly ADD node_modules/minimatch
108 silly ADD node_modules/make-fetch-happen
109 silly ADD node_modules/lru-cache
110 silly ADD node_modules/ip-address
111 silly ADD node_modules/https-proxy-agent
112 silly ADD node_modules/http-proxy-agent
113 silly ADD node_modules/http-cache-semantics
114 silly ADD node_modules/graceful-fs
115 silly ADD node_modules/glob
116 silly ADD node_modules/fs-minipass
117 silly ADD node_modules/fdir
118 silly ADD node_modules/exponential-backoff
119 silly ADD node_modules/env-paths
120 silly ADD node_modules/cacache
121 silly ADD node_modules/brace-expansion
122 silly ADD node_modules/balanced-match
123 silly ADD node_modules/agent-base
124 silly ADD node_modules/abbrev
125 silly ADD node_modules/@npmcli/redact
126 silly ADD node_modules/@npmcli/fs
127 silly ADD node_modules/@npmcli/agent
128 silly ADD node_modules/@gar/promise-retry
129 silly ADD
130 silly ADD
131 silly ADD
132 silly ADD
133 silly ADD
134 silly ADD
135 silly ADD
136 verbose cwd /home/ubuntu
137 verbose os Linux 6.8.0-1044-oracle
138 verbose node v20.20.2
139 verbose npm  v10.8.2
140 verbose exit 0
141 info ok
